2024-03-08 02:41:44,556 - pocketoption - DEBUG - ======== New Session ========
2024-03-08 02:41:46,638 - pocketoption - DEBUG - Old session worked fine.
2024-03-08 02:41:46,653 - pocketoption - DEBUG - Payout Last Request ID: 152051
2024-03-08 02:59:01,889 - pocketoption - DEBUG - Old session worked fine.
2024-03-08 02:59:03,015 - pocketoption - DEBUG - Processed -> Statistics -> Current week
2024-03-08 02:59:03,015 - pocketoption - DEBUG - Total time taken to perform the task: 2.52 seconds
2024-03-08 03:00:01,065 - pocketoption - INFO - Target [ID:610323477]: success
2024-03-08 03:00:01,315 - pocketoption - INFO - Target [ID:1838317981]: success
2024-03-08 03:01:01,999 - pocketoption - DEBUG - First Check -> Latest ID: 152051 | Existing ID: 152051
2024-03-08 03:01:02,766 - pocketoption - DEBUG - Balance -> 1 -> Not enough for Withdrawal
2024-03-08 03:01:02,766 - pocketoption - DEBUG - Bonus -> 0.0 -> Not enough for Withdrawal
2024-03-08 03:01:03,625 - pocketoption - DEBUG - Second Check -> Latest ID: 152051 | Existing ID: 152051
2024-03-08 03:59:01,948 - pocketoption - DEBUG - Old session worked fine.
2024-03-08 03:59:03,104 - pocketoption - DEBUG - Processed -> Statistics -> Current week
2024-03-08 03:59:03,104 - pocketoption - DEBUG - Total time taken to perform the task: 2.72 seconds
2024-03-08 04:00:01,215 - pocketoption - INFO - Target [ID:610323477]: success
2024-03-08 04:00:01,465 - pocketoption - INFO - Target [ID:1838317981]: success
2024-03-08 04:01:02,371 - pocketoption - DEBUG - First Check -> Latest ID: 152051 | Existing ID: 152051
2024-03-08 04:01:03,074 - pocketoption - DEBUG - Balance -> 1 -> Not enough for Withdrawal
2024-03-08 04:01:03,074 - pocketoption - DEBUG - Bonus -> 0.0 -> Not enough for Withdrawal
2024-03-08 04:01:03,887 - pocketoption - DEBUG - Second Check -> Latest ID: 152051 | Existing ID: 152051
2024-03-08 04:59:02,241 - pocketoption - DEBUG - Old session worked fine.
2024-03-08 04:59:03,227 - pocketoption - DEBUG - Processed -> Statistics -> Current week
2024-03-08 04:59:03,227 - pocketoption - DEBUG - Total time taken to perform the task: 2.46 seconds
2024-03-08 05:00:00,618 - pocketoption - DEBUG - No change detected!!
2024-03-08 05:01:01,865 - pocketoption - DEBUG - First Check -> Latest ID: 152051 | Existing ID: 152051
2024-03-08 05:01:02,663 - pocketoption - DEBUG - Balance -> 1 -> Not enough for Withdrawal
2024-03-08 05:01:02,663 - pocketoption - DEBUG - Bonus -> 0.0 -> Not enough for Withdrawal
2024-03-08 05:01:03,492 - pocketoption - DEBUG - Second Check -> Latest ID: 152051 | Existing ID: 152051
2024-03-08 05:59:01,977 - pocketoption - DEBUG - Old session worked fine.
2024-03-08 05:59:03,260 - pocketoption - DEBUG - Processed -> Statistics -> Current week
2024-03-08 05:59:03,260 - pocketoption - DEBUG - Total time taken to perform the task: 2.72 seconds
2024-03-08 06:00:01,361 - pocketoption - INFO - Target [ID:610323477]: success
2024-03-08 06:00:01,611 - pocketoption - INFO - Target [ID:1838317981]: success
2024-03-08 06:01:02,424 - pocketoption - DEBUG - First Check -> Latest ID: 152051 | Existing ID: 152051
2024-03-08 06:01:03,238 - pocketoption - DEBUG - Balance -> 1 -> Not enough for Withdrawal
2024-03-08 06:01:03,238 - pocketoption - DEBUG - Bonus -> 0.0 -> Not enough for Withdrawal
2024-03-08 06:01:04,050 - pocketoption - DEBUG - Second Check -> Latest ID: 152051 | Existing ID: 152051
2024-03-08 06:59:02,206 - pocketoption - DEBUG - Old session worked fine.
2024-03-08 06:59:03,145 - pocketoption - DEBUG - Processed -> Statistics -> Current week
2024-03-08 06:59:03,160 - pocketoption - DEBUG - Total time taken to perform the task: 2.31 seconds
2024-03-08 07:00:01,089 - pocketoption - INFO - Target [ID:610323477]: success
2024-03-08 07:00:01,339 - pocketoption - INFO - Target [ID:1838317981]: success
2024-03-08 07:01:01,886 - pocketoption - DEBUG - First Check -> Latest ID: 152051 | Existing ID: 152051
2024-03-08 07:01:02,573 - pocketoption - DEBUG - Balance -> 1 -> Not enough for Withdrawal
2024-03-08 07:01:02,573 - pocketoption - DEBUG - Bonus -> 0.0 -> Not enough for Withdrawal
2024-03-08 07:01:03,481 - pocketoption - DEBUG - Second Check -> Latest ID: 152051 | Existing ID: 152051
2024-03-08 07:59:02,454 - pocketoption - DEBUG - Old session worked fine.
2024-03-08 07:59:03,782 - pocketoption - DEBUG - Processed -> Statistics -> Current week
2024-03-08 07:59:03,782 - pocketoption - DEBUG - Total time taken to perform the task: 2.83 seconds
2024-03-08 08:00:00,691 - pocketoption - INFO - Target [ID:610323477]: success
2024-03-08 08:00:00,974 - pocketoption - INFO - Target [ID:1838317981]: success
2024-03-08 08:01:01,722 - pocketoption - DEBUG - First Check -> Latest ID: 152051 | Existing ID: 152051
2024-03-08 08:01:02,411 - pocketoption - DEBUG - Balance -> 1 -> Not enough for Withdrawal
2024-03-08 08:01:02,411 - pocketoption - DEBUG - Bonus -> 0.0 -> Not enough for Withdrawal
2024-03-08 08:01:03,348 - pocketoption - DEBUG - Second Check -> Latest ID: 152051 | Existing ID: 152051
2024-03-08 08:05:33,996 - pocketoption - DEBUG - Date: 2024-03-01 | Hour: 12
2024-03-08 08:05:33,996 - pocketoption - DEBUG - Date: 2024-03-08 | Hour: 12
2024-03-08 08:05:33,996 - pocketoption - DEBUG - Missing data: False | True
2024-03-08 08:59:01,679 - pocketoption - DEBUG - Old session worked fine.
2024-03-08 08:59:02,914 - pocketoption - DEBUG - Processed -> Statistics -> Current week
2024-03-08 08:59:02,914 - pocketoption - DEBUG - Total time taken to perform the task: 2.89 seconds
2024-03-08 09:00:00,861 - pocketoption - INFO - Target [ID:610323477]: success
2024-03-08 09:00:01,124 - pocketoption - INFO - Target [ID:1838317981]: success
2024-03-08 09:01:01,815 - pocketoption - DEBUG - First Check -> Latest ID: 152051 | Existing ID: 152051
2024-03-08 09:01:02,503 - pocketoption - DEBUG - Balance -> 1 -> Not enough for Withdrawal
2024-03-08 09:01:02,503 - pocketoption - DEBUG - Bonus -> 0.0 -> Not enough for Withdrawal
2024-03-08 09:01:03,393 - pocketoption - DEBUG - Second Check -> Latest ID: 152051 | Existing ID: 152051
2024-03-08 09:59:01,613 - pocketoption - DEBUG - Old session worked fine.
2024-03-08 09:59:03,116 - pocketoption - DEBUG - Processed -> Statistics -> Current week
2024-03-08 09:59:03,116 - pocketoption - DEBUG - Total time taken to perform the task: 2.77 seconds
2024-03-08 10:00:00,948 - pocketoption - INFO - Target [ID:610323477]: success
2024-03-08 10:00:01,198 - pocketoption - INFO - Target [ID:1838317981]: success
2024-03-08 10:01:02,058 - pocketoption - DEBUG - First Check -> Latest ID: 152051 | Existing ID: 152051
2024-03-08 10:01:02,763 - pocketoption - DEBUG - Balance -> 1 -> Not enough for Withdrawal
2024-03-08 10:01:02,763 - pocketoption - DEBUG - Bonus -> 0.0 -> Not enough for Withdrawal
2024-03-08 10:01:03,732 - pocketoption - DEBUG - Second Check -> Latest ID: 152051 | Existing ID: 152051
2024-03-08 11:45:35,521 - pocketoption - DEBUG - ======== New Session ========
2024-03-08 11:45:40,939 - pocketoption - DEBUG - Old session worked fine.
2024-03-08 11:45:41,344 - pocketoption - DEBUG - Payout Last Request ID: 152051
2024-03-08 11:59:01,761 - pocketoption - DEBUG - Old session worked fine.
2024-03-08 11:59:02,668 - pocketoption - DEBUG - Processed -> Statistics -> Current week
2024-03-08 11:59:02,668 - pocketoption - DEBUG - Total time taken to perform the task: 2.36 seconds
2024-03-08 12:00:00,650 - pocketoption - INFO - Target [ID:610323477]: success
2024-03-08 12:00:00,916 - pocketoption - INFO - Target [ID:1838317981]: success
2024-03-08 12:01:02,222 - pocketoption - DEBUG - First Check -> Latest ID: 152051 | Existing ID: 152051
2024-03-08 12:01:02,910 - pocketoption - DEBUG - Balance -> 1 -> Not enough for Withdrawal
2024-03-08 12:01:02,910 - pocketoption - DEBUG - Bonus -> 0.0 -> Not enough for Withdrawal
2024-03-08 12:01:03,756 - pocketoption - DEBUG - Second Check -> Latest ID: 152051 | Existing ID: 152051
2024-03-08 12:59:02,281 - pocketoption - DEBUG - Old session worked fine.
2024-03-08 12:59:03,251 - pocketoption - DEBUG - Processed -> Statistics -> Current week
2024-03-08 12:59:03,251 - pocketoption - DEBUG - Total time taken to perform the task: 2.68 seconds
2024-03-08 13:00:01,236 - pocketoption - INFO - Target [ID:610323477]: success
2024-03-08 13:00:01,486 - pocketoption - INFO - Target [ID:1838317981]: success
2024-03-08 13:01:01,802 - pocketoption - DEBUG - First Check -> Latest ID: 152051 | Existing ID: 152051
2024-03-08 13:01:02,552 - pocketoption - DEBUG - Balance -> 1 -> Not enough for Withdrawal
2024-03-08 13:01:02,552 - pocketoption - DEBUG - Bonus -> 0.0 -> Not enough for Withdrawal
2024-03-08 13:01:03,441 - pocketoption - DEBUG - Second Check -> Latest ID: 152051 | Existing ID: 152051
2024-03-08 13:59:02,029 - pocketoption - DEBUG - Old session worked fine.
2024-03-08 13:59:03,702 - pocketoption - DEBUG - Processed -> Statistics -> Current week
2024-03-08 13:59:03,702 - pocketoption - DEBUG - Total time taken to perform the task: 3.16 seconds
2024-03-08 14:00:01,343 - pocketoption - INFO - Target [ID:610323477]: success
2024-03-08 14:00:01,593 - pocketoption - INFO - Target [ID:1838317981]: success
2024-03-08 14:01:01,967 - pocketoption - DEBUG - First Check -> Latest ID: 152051 | Existing ID: 152051
2024-03-08 14:01:02,679 - pocketoption - DEBUG - Balance -> 1 -> Not enough for Withdrawal
2024-03-08 14:01:02,679 - pocketoption - DEBUG - Bonus -> 0.0 -> Not enough for Withdrawal
2024-03-08 14:01:03,476 - pocketoption - DEBUG - Second Check -> Latest ID: 152051 | Existing ID: 152051
2024-03-08 14:59:01,661 - pocketoption - DEBUG - Old session worked fine.
2024-03-08 14:59:02,759 - pocketoption - DEBUG - Processed -> Statistics -> Current week
2024-03-08 14:59:02,759 - pocketoption - DEBUG - Total time taken to perform the task: 2.51 seconds
2024-03-08 15:00:00,555 - pocketoption - INFO - Target [ID:610323477]: success
2024-03-08 15:00:00,836 - pocketoption - INFO - Target [ID:1838317981]: success
2024-03-08 15:01:02,174 - pocketoption - DEBUG - First Check -> Latest ID: 152051 | Existing ID: 152051
2024-03-08 15:01:02,878 - pocketoption - DEBUG - Balance -> 1 -> Not enough for Withdrawal
2024-03-08 15:01:02,878 - pocketoption - DEBUG - Bonus -> 0.0 -> Not enough for Withdrawal
2024-03-08 15:01:03,693 - pocketoption - DEBUG - Second Check -> Latest ID: 152051 | Existing ID: 152051
2024-03-08 15:59:01,463 - pocketoption - DEBUG - Old session worked fine.
2024-03-08 15:59:02,855 - pocketoption - DEBUG - Processed -> Statistics -> Current week
2024-03-08 15:59:02,855 - pocketoption - DEBUG - Total time taken to perform the task: 2.8 seconds
2024-03-08 16:00:00,745 - pocketoption - INFO - Target [ID:610323477]: success
2024-03-08 16:00:01,010 - pocketoption - INFO - Target [ID:1838317981]: success
2024-03-08 16:01:01,316 - pocketoption - DEBUG - First Check -> Latest ID: 152051 | Existing ID: 152051
2024-03-08 16:01:01,973 - pocketoption - DEBUG - Balance -> 1 -> Not enough for Withdrawal
2024-03-08 16:01:01,973 - pocketoption - DEBUG - Bonus -> 0.0 -> Not enough for Withdrawal
2024-03-08 16:01:02,864 - pocketoption - DEBUG - Second Check -> Latest ID: 152051 | Existing ID: 152051
2024-03-08 16:59:01,740 - pocketoption - DEBUG - Old session worked fine.
2024-03-08 16:59:02,804 - pocketoption - DEBUG - Processed -> Statistics -> Current week
2024-03-08 16:59:02,804 - pocketoption - DEBUG - Total time taken to perform the task: 2.52 seconds
2024-03-08 17:00:00,774 - pocketoption - INFO - Target [ID:610323477]: success
2024-03-08 17:00:01,024 - pocketoption - INFO - Target [ID:1838317981]: success
2024-03-08 17:01:01,583 - pocketoption - DEBUG - First Check -> Latest ID: 152051 | Existing ID: 152051
2024-03-08 17:01:02,334 - pocketoption - DEBUG - Balance -> 1 -> Not enough for Withdrawal
2024-03-08 17:01:02,334 - pocketoption - DEBUG - Bonus -> 0.0 -> Not enough for Withdrawal
2024-03-08 17:01:03,226 - pocketoption - DEBUG - Second Check -> Latest ID: 152051 | Existing ID: 152051
2024-03-08 17:59:02,202 - pocketoption - DEBUG - Old session worked fine.
2024-03-08 17:59:03,234 - pocketoption - DEBUG - Processed -> Statistics -> Current week
2024-03-08 17:59:03,234 - pocketoption - DEBUG - Total time taken to perform the task: 2.53 seconds
2024-03-08 18:00:01,189 - pocketoption - INFO - Target [ID:610323477]: success
2024-03-08 18:00:01,439 - pocketoption - INFO - Target [ID:1838317981]: success
2024-03-08 18:01:01,793 - pocketoption - DEBUG - First Check -> Latest ID: 152051 | Existing ID: 152051
2024-03-08 18:01:02,528 - pocketoption - DEBUG - Balance -> 1 -> Not enough for Withdrawal
2024-03-08 18:01:02,528 - pocketoption - DEBUG - Bonus -> 0.0 -> Not enough for Withdrawal
2024-03-08 18:01:03,451 - pocketoption - DEBUG - Second Check -> Latest ID: 152051 | Existing ID: 152051
2024-03-08 18:59:01,967 - pocketoption - DEBUG - Old session worked fine.
2024-03-08 18:59:03,171 - pocketoption - DEBUG - Processed -> Statistics -> Current week
2024-03-08 18:59:03,171 - pocketoption - DEBUG - Total time taken to perform the task: 2.66 seconds
2024-03-08 19:00:01,082 - pocketoption - INFO - Target [ID:610323477]: success
2024-03-08 19:00:01,333 - pocketoption - INFO - Target [ID:1838317981]: success
2024-03-08 19:01:01,358 - pocketoption - DEBUG - First Check -> Latest ID: 152051 | Existing ID: 152051
2024-03-08 19:01:02,017 - pocketoption - DEBUG - Balance -> 1 -> Not enough for Withdrawal
2024-03-08 19:01:02,017 - pocketoption - DEBUG - Bonus -> 0.0 -> Not enough for Withdrawal
2024-03-08 19:01:02,955 - pocketoption - DEBUG - Second Check -> Latest ID: 152051 | Existing ID: 152051
2024-03-08 19:59:02,370 - pocketoption - DEBUG - Old session worked fine.
2024-03-08 19:59:03,233 - pocketoption - DEBUG - Processed -> Statistics -> Current week
2024-03-08 19:59:03,233 - pocketoption - DEBUG - Total time taken to perform the task: 2.3 seconds
2024-03-08 20:00:01,141 - pocketoption - INFO - Target [ID:610323477]: success
2024-03-08 20:00:01,423 - pocketoption - INFO - Target [ID:1838317981]: success
2024-03-08 20:01:02,029 - pocketoption - DEBUG - First Check -> Latest ID: 152051 | Existing ID: 152051
2024-03-08 20:01:02,687 - pocketoption - DEBUG - Balance -> 1 -> Not enough for Withdrawal
2024-03-08 20:01:02,687 - pocketoption - DEBUG - Bonus -> 0.0 -> Not enough for Withdrawal
2024-03-08 20:01:03,517 - pocketoption - DEBUG - Second Check -> Latest ID: 152051 | Existing ID: 152051
2024-03-08 20:59:01,593 - pocketoption - DEBUG - Old session worked fine.
2024-03-08 20:59:02,501 - pocketoption - DEBUG - Processed -> Statistics -> Current week
2024-03-08 20:59:02,501 - pocketoption - DEBUG - Total time taken to perform the task: 2.41 seconds
2024-03-08 21:00:01,477 - pocketoption - INFO - Target [ID:610323477]: success
2024-03-08 21:00:01,852 - pocketoption - INFO - Target [ID:1838317981]: success
2024-03-08 21:01:02,173 - pocketoption - DEBUG - First Check -> Latest ID: 152051 | Existing ID: 152051
2024-03-08 21:01:02,831 - pocketoption - DEBUG - Balance -> 1 -> Not enough for Withdrawal
2024-03-08 21:01:02,831 - pocketoption - DEBUG - Bonus -> 0.0 -> Not enough for Withdrawal
2024-03-08 21:01:03,661 - pocketoption - DEBUG - Second Check -> Latest ID: 152051 | Existing ID: 152051
2024-03-08 21:59:01,685 - pocketoption - DEBUG - Old session worked fine.
2024-03-08 21:59:02,920 - pocketoption - DEBUG - Processed -> Statistics -> Current week
2024-03-08 21:59:02,920 - pocketoption - DEBUG - Total time taken to perform the task: 2.61 seconds
2024-03-08 22:00:00,762 - pocketoption - INFO - Target [ID:610323477]: success
2024-03-08 22:00:01,013 - pocketoption - INFO - Target [ID:1838317981]: success
2024-03-08 22:01:01,637 - pocketoption - DEBUG - First Check -> Latest ID: 152051 | Existing ID: 152051
2024-03-08 22:01:02,357 - pocketoption - DEBUG - Balance -> 1 -> Not enough for Withdrawal
2024-03-08 22:01:02,357 - pocketoption - DEBUG - Bonus -> 0.0 -> Not enough for Withdrawal
2024-03-08 22:01:03,264 - pocketoption - DEBUG - Second Check -> Latest ID: 152051 | Existing ID: 152051
2024-03-08 22:59:01,397 - pocketoption - DEBUG - Old session worked fine.
2024-03-08 22:59:02,398 - pocketoption - DEBUG - Processed -> Statistics -> Current week
2024-03-08 22:59:02,398 - pocketoption - DEBUG - Total time taken to perform the task: 2.4 seconds
2024-03-08 23:00:01,084 - pocketoption - INFO - Target [ID:610323477]: success
2024-03-08 23:00:01,334 - pocketoption - INFO - Target [ID:1838317981]: success
2024-03-08 23:01:01,390 - pocketoption - DEBUG - First Check -> Latest ID: 152051 | Existing ID: 152051
2024-03-08 23:01:02,031 - pocketoption - DEBUG - Balance -> 1 -> Not enough for Withdrawal
2024-03-08 23:01:02,031 - pocketoption - DEBUG - Bonus -> 0.0 -> Not enough for Withdrawal
2024-03-08 23:01:02,829 - pocketoption - DEBUG - Second Check -> Latest ID: 152051 | Existing ID: 152051
2024-03-08 23:59:03,152 - pocketoption - DEBUG - Old session worked fine.
2024-03-08 23:59:04,607 - pocketoption - DEBUG - Processed -> Statistics -> Current week
2024-03-08 23:59:04,607 - pocketoption - DEBUG - Total time taken to perform the task: 4.18 seconds
2024-03-09 00:00:00,973 - pocketoption - INFO - Target [ID:610323477]: success
2024-03-09 00:00:01,255 - pocketoption - INFO - Target [ID:1838317981]: success
2024-03-09 00:01:01,644 - pocketoption - DEBUG - First Check -> Latest ID: 152051 | Existing ID: 152051
2024-03-09 00:01:02,318 - pocketoption - DEBUG - Balance -> 1 -> Not enough for Withdrawal
2024-03-09 00:01:02,318 - pocketoption - DEBUG - Bonus -> 0.0 -> Not enough for Withdrawal
2024-03-09 00:01:03,178 - pocketoption - DEBUG - Second Check -> Latest ID: 152051 | Existing ID: 152051
2024-03-09 00:59:01,886 - pocketoption - DEBUG - Old session worked fine.
2024-03-09 00:59:03,328 - pocketoption - DEBUG - Processed -> Statistics -> Current week
2024-03-09 00:59:03,328 - pocketoption - DEBUG - Total time taken to perform the task: 2.9 seconds
2024-03-09 01:00:00,637 - pocketoption - DEBUG - No change detected!!
2024-03-09 01:01:01,838 - pocketoption - DEBUG - First Check -> Latest ID: 152051 | Existing ID: 152051
2024-03-09 01:01:02,558 - pocketoption - DEBUG - Balance -> 1 -> Not enough for Withdrawal
2024-03-09 01:01:02,558 - pocketoption - DEBUG - Bonus -> 0.0 -> Not enough for Withdrawal
2024-03-09 01:01:03,389 - pocketoption - DEBUG - Second Check -> Latest ID: 152051 | Existing ID: 152051
2024-03-09 01:59:02,134 - pocketoption - DEBUG - Old session worked fine.
2024-03-09 01:59:03,369 - pocketoption - DEBUG - Processed -> Statistics -> Current week
2024-03-09 01:59:03,369 - pocketoption - DEBUG - Total time taken to perform the task: 2.68 seconds
2024-03-09 02:00:01,267 - pocketoption - INFO - Target [ID:610323477]: success
2024-03-09 02:00:01,533 - pocketoption - INFO - Target [ID:1838317981]: success
2024-03-09 02:01:01,587 - pocketoption - DEBUG - First Check -> Latest ID: 152051 | Existing ID: 152051
2024-03-09 02:01:02,277 - pocketoption - DEBUG - Balance -> 1 -> Not enough for Withdrawal
2024-03-09 02:01:02,277 - pocketoption - DEBUG - Bonus -> 0.0 -> Not enough for Withdrawal
2024-03-09 02:01:03,168 - pocketoption - DEBUG - Second Check -> Latest ID: 152051 | Existing ID: 152051
2024-03-09 02:59:01,462 - pocketoption - DEBUG - Old session worked fine.
2024-03-09 02:59:02,763 - pocketoption - DEBUG - Processed -> Statistics -> Current week
2024-03-09 02:59:02,763 - pocketoption - DEBUG - Total time taken to perform the task: 2.57 seconds
2024-03-09 03:00:00,937 - pocketoption - INFO - Target [ID:610323477]: success
2024-03-09 03:00:01,219 - pocketoption - INFO - Target [ID:1838317981]: success
2024-03-09 03:01:01,547 - pocketoption - DEBUG - First Check -> Latest ID: 152051 | Existing ID: 152051
2024-03-09 03:01:02,221 - pocketoption - DEBUG - Balance -> 1 -> Not enough for Withdrawal
2024-03-09 03:01:02,221 - pocketoption - DEBUG - Bonus -> 0.0 -> Not enough for Withdrawal
2024-03-09 03:01:03,050 - pocketoption - DEBUG - Second Check -> Latest ID: 152051 | Existing ID: 152051
2024-03-09 03:59:03,508 - pocketoption - DEBUG - Old session worked fine.
2024-03-09 03:59:05,103 - pocketoption - DEBUG - Processed -> Statistics -> Current week
2024-03-09 03:59:05,103 - pocketoption - DEBUG - Total time taken to perform the task: 4.34 seconds
2024-03-09 04:00:01,290 - pocketoption - INFO - Target [ID:610323477]: success
2024-03-09 04:00:01,571 - pocketoption - INFO - Target [ID:1838317981]: success
2024-03-09 04:01:02,320 - pocketoption - DEBUG - First Check -> Latest ID: 152051 | Existing ID: 152051
2024-03-09 04:01:03,041 - pocketoption - DEBUG - Balance -> 1 -> Not enough for Withdrawal
2024-03-09 04:01:03,041 - pocketoption - DEBUG - Bonus -> 0.0 -> Not enough for Withdrawal
2024-03-09 04:01:03,964 - pocketoption - DEBUG - Second Check -> Latest ID: 152051 | Existing ID: 152051
2024-03-09 04:59:02,944 - pocketoption - DEBUG - Old session worked fine.
2024-03-09 04:59:04,554 - pocketoption - DEBUG - Processed -> Statistics -> Current week
2024-03-09 04:59:04,570 - pocketoption - DEBUG - Total time taken to perform the task: 3.98 seconds
2024-03-09 05:00:01,635 - pocketoption - INFO - Target [ID:610323477]: success
2024-03-09 05:00:01,885 - pocketoption - INFO - Target [ID:1838317981]: success
2024-03-09 05:01:05,467 - pocketoption - DEBUG - First Check -> Latest ID: 152051 | Existing ID: 152051
2024-03-09 05:01:06,140 - pocketoption - DEBUG - Balance -> 1 -> Not enough for Withdrawal
2024-03-09 05:01:06,140 - pocketoption - DEBUG - Bonus -> 0.0 -> Not enough for Withdrawal
2024-03-09 05:01:06,955 - pocketoption - DEBUG - Second Check -> Latest ID: 152051 | Existing ID: 152051
2024-03-09 05:59:01,657 - pocketoption - DEBUG - Old session worked fine.
2024-03-09 05:59:03,052 - pocketoption - DEBUG - Processed -> Statistics -> Current week
2024-03-09 05:59:03,052 - pocketoption - DEBUG - Total time taken to perform the task: 3.01 seconds
2024-03-09 06:00:01,200 - pocketoption - INFO - Target [ID:610323477]: success
2024-03-09 06:00:01,466 - pocketoption - INFO - Target [ID:1838317981]: success
2024-03-09 06:01:02,201 - pocketoption - DEBUG - First Check -> Latest ID: 152051 | Existing ID: 152051
2024-03-09 06:01:02,938 - pocketoption - DEBUG - Balance -> 1 -> Not enough for Withdrawal
2024-03-09 06:01:02,938 - pocketoption - DEBUG - Bonus -> 0.0 -> Not enough for Withdrawal
2024-03-09 06:01:03,848 - pocketoption - DEBUG - Second Check -> Latest ID: 152051 | Existing ID: 152051
2024-03-09 06:59:01,762 - pocketoption - DEBUG - Old session worked fine.
2024-03-09 06:59:03,186 - pocketoption - DEBUG - Processed -> Statistics -> Current week
2024-03-09 06:59:03,186 - pocketoption - DEBUG - Total time taken to perform the task: 2.86 seconds
2024-03-09 07:00:00,828 - pocketoption - INFO - Target [ID:610323477]: success
2024-03-09 07:00:01,078 - pocketoption - INFO - Target [ID:1838317981]: success
2024-03-09 07:01:01,399 - pocketoption - DEBUG - First Check -> Latest ID: 152051 | Existing ID: 152051
2024-03-09 07:01:02,117 - pocketoption - DEBUG - Balance -> 1 -> Not enough for Withdrawal
2024-03-09 07:01:02,117 - pocketoption - DEBUG - Bonus -> 0.0 -> Not enough for Withdrawal
2024-03-09 07:01:03,056 - pocketoption - DEBUG - Second Check -> Latest ID: 152051 | Existing ID: 152051
2024-03-09 07:59:02,021 - pocketoption - DEBUG - Old session worked fine.
2024-03-09 07:59:03,461 - pocketoption - DEBUG - Processed -> Statistics -> Current week
2024-03-09 07:59:03,461 - pocketoption - DEBUG - Total time taken to perform the task: 2.99 seconds
2024-03-09 08:00:01,501 - pocketoption - INFO - Target [ID:610323477]: success
2024-03-09 08:00:01,767 - pocketoption - INFO - Target [ID:1838317981]: success
2024-03-09 08:01:02,103 - pocketoption - DEBUG - First Check -> Latest ID: 152051 | Existing ID: 152051
2024-03-09 08:01:02,822 - pocketoption - DEBUG - Balance -> 1 -> Not enough for Withdrawal
2024-03-09 08:01:02,823 - pocketoption - DEBUG - Bonus -> 0.0 -> Not enough for Withdrawal
2024-03-09 08:01:03,654 - pocketoption - DEBUG - Second Check -> Latest ID: 152051 | Existing ID: 152051
2024-03-09 08:59:01,679 - pocketoption - DEBUG - Old session worked fine.
2024-03-09 08:59:02,961 - pocketoption - DEBUG - Processed -> Statistics -> Current week
2024-03-09 08:59:02,961 - pocketoption - DEBUG - Total time taken to perform the task: 2.6 seconds
2024-03-09 09:00:00,862 - pocketoption - INFO - Target [ID:610323477]: success
2024-03-09 09:00:01,144 - pocketoption - INFO - Target [ID:1838317981]: success
2024-03-09 09:01:02,888 - pocketoption - DEBUG - First Check -> Latest ID: 152051 | Existing ID: 152051
2024-03-09 09:01:03,765 - pocketoption - DEBUG - Balance -> 1 -> Not enough for Withdrawal
2024-03-09 09:01:03,765 - pocketoption - DEBUG - Bonus -> 0.0 -> Not enough for Withdrawal
2024-03-09 09:01:04,704 - pocketoption - DEBUG - Second Check -> Latest ID: 152051 | Existing ID: 152051
2024-03-09 09:59:01,642 - pocketoption - DEBUG - Old session worked fine.
2024-03-09 09:59:03,099 - pocketoption - DEBUG - Processed -> Statistics -> Current week
2024-03-09 09:59:03,099 - pocketoption - DEBUG - Total time taken to perform the task: 2.9 seconds
2024-03-09 10:00:00,448 - pocketoption - DEBUG - No change detected!!
2024-03-09 10:01:01,266 - pocketoption - DEBUG - First Check -> Latest ID: 152051 | Existing ID: 152051
2024-03-09 10:01:01,956 - pocketoption - DEBUG - Balance -> 1 -> Not enough for Withdrawal
2024-03-09 10:01:01,956 - pocketoption - DEBUG - Bonus -> 0.0 -> Not enough for Withdrawal
2024-03-09 10:01:02,818 - pocketoption - DEBUG - Second Check -> Latest ID: 152051 | Existing ID: 152051
