2024-06-14 00:36:46,752 - pocketoption - DEBUG - ======== New Session ========
2024-06-14 00:36:48,967 - pocketoption - DEBUG - Old session worked fine.
2024-06-14 00:36:48,983 - pocketoption - DEBUG - Payout Last Request ID: 164123
2024-06-14 00:59:02,373 - pocketoption - DEBUG - Old session worked fine.
2024-06-14 00:59:04,125 - pocketoption - DEBUG - Processed -> Statistics -> Current week
2024-06-14 00:59:04,125 - pocketoption - DEBUG - Total time taken to perform the task: 3.33 seconds
2024-06-14 01:00:00,696 - pocketoption - DEBUG - No change detected!!
2024-06-14 01:01:02,301 - pocketoption - DEBUG - First Check -> Latest ID: 164123 | Existing ID: 164123
2024-06-14 01:01:02,911 - pocketoption - DEBUG - Balance -> -936 -> Not enough for Withdrawal
2024-06-14 01:01:02,911 - pocketoption - DEBUG - Bonus -> 0.0 -> Not enough for Withdrawal
2024-06-14 01:01:03,817 - pocketoption - DEBUG - Second Check -> Latest ID: 164123 | Existing ID: 164123
2024-06-14 01:59:02,826 - pocketoption - DEBUG - Old session worked fine.
2024-06-14 01:59:04,576 - pocketoption - DEBUG - Processed -> Statistics -> Current week
2024-06-14 01:59:04,576 - pocketoption - DEBUG - Total time taken to perform the task: 4.0 seconds
2024-06-14 02:00:01,418 - pocketoption - INFO - Target [ID:610323477]: success
2024-06-14 02:00:01,684 - pocketoption - INFO - Target [ID:1838317981]: success
2024-06-14 02:01:02,060 - pocketoption - DEBUG - First Check -> Latest ID: 164123 | Existing ID: 164123
2024-06-14 02:01:02,671 - pocketoption - DEBUG - Balance -> -936 -> Not enough for Withdrawal
2024-06-14 02:01:02,671 - pocketoption - DEBUG - Bonus -> 0.0 -> Not enough for Withdrawal
2024-06-14 02:01:03,562 - pocketoption - DEBUG - Second Check -> Latest ID: 164123 | Existing ID: 164123
2024-06-14 02:59:02,439 - pocketoption - DEBUG - Old session worked fine.
2024-06-14 02:59:04,582 - pocketoption - DEBUG - Processed -> Statistics -> Current week
2024-06-14 02:59:04,582 - pocketoption - DEBUG - Total time taken to perform the task: 3.71 seconds
2024-06-14 03:00:01,522 - pocketoption - INFO - Target [ID:610323477]: success
2024-06-14 03:00:01,788 - pocketoption - INFO - Target [ID:1838317981]: success
2024-06-14 03:01:02,193 - pocketoption - DEBUG - First Check -> Latest ID: 164123 | Existing ID: 164123
2024-06-14 03:01:02,788 - pocketoption - DEBUG - Balance -> -936 -> Not enough for Withdrawal
2024-06-14 03:01:02,788 - pocketoption - DEBUG - Bonus -> 0.0 -> Not enough for Withdrawal
2024-06-14 03:01:03,680 - pocketoption - DEBUG - Second Check -> Latest ID: 164123 | Existing ID: 164123
2024-06-14 03:59:01,905 - pocketoption - DEBUG - Old session worked fine.
2024-06-14 03:59:04,002 - pocketoption - DEBUG - Processed -> Statistics -> Current week
2024-06-14 03:59:04,002 - pocketoption - DEBUG - Total time taken to perform the task: 3.69 seconds
2024-06-14 04:00:00,569 - pocketoption - DEBUG - No change detected!!
2024-06-14 04:01:02,450 - pocketoption - DEBUG - First Check -> Latest ID: 164123 | Existing ID: 164123
2024-06-14 04:01:03,045 - pocketoption - DEBUG - Balance -> -936 -> Not enough for Withdrawal
2024-06-14 04:01:03,061 - pocketoption - DEBUG - Bonus -> 0.0 -> Not enough for Withdrawal
2024-06-14 04:01:03,985 - pocketoption - DEBUG - Second Check -> Latest ID: 164123 | Existing ID: 164123
2024-06-14 04:59:02,502 - pocketoption - DEBUG - Old session worked fine.
2024-06-14 04:59:04,457 - pocketoption - DEBUG - Processed -> Statistics -> Current week
2024-06-14 04:59:04,457 - pocketoption - DEBUG - Total time taken to perform the task: 3.52 seconds
2024-06-14 05:00:00,042 - pocketoption - DEBUG - No change detected!!
2024-06-14 05:01:01,485 - pocketoption - DEBUG - First Check -> Latest ID: 164123 | Existing ID: 164123
2024-06-14 05:01:02,063 - pocketoption - DEBUG - Balance -> -936 -> Not enough for Withdrawal
2024-06-14 05:01:02,063 - pocketoption - DEBUG - Bonus -> 0.0 -> Not enough for Withdrawal
2024-06-14 05:01:03,141 - pocketoption - DEBUG - Second Check -> Latest ID: 164123 | Existing ID: 164123
2024-06-14 05:59:01,963 - pocketoption - DEBUG - Old session worked fine.
2024-06-14 05:59:04,137 - pocketoption - DEBUG - Processed -> Statistics -> Current week
2024-06-14 05:59:04,137 - pocketoption - DEBUG - Total time taken to perform the task: 3.55 seconds
2024-06-14 06:00:01,118 - pocketoption - INFO - Target [ID:610323477]: success
2024-06-14 06:00:01,368 - pocketoption - INFO - Target [ID:1838317981]: success
2024-06-14 06:01:01,830 - pocketoption - DEBUG - First Check -> Latest ID: 164123 | Existing ID: 164123
2024-06-14 06:01:02,425 - pocketoption - DEBUG - Balance -> -936 -> Not enough for Withdrawal
2024-06-14 06:01:02,425 - pocketoption - DEBUG - Bonus -> 0.0 -> Not enough for Withdrawal
2024-06-14 06:01:03,441 - pocketoption - DEBUG - Second Check -> Latest ID: 164123 | Existing ID: 164123
2024-06-14 06:59:02,102 - pocketoption - DEBUG - Old session worked fine.
2024-06-14 06:59:03,916 - pocketoption - DEBUG - Processed -> Statistics -> Current week
2024-06-14 06:59:03,916 - pocketoption - DEBUG - Total time taken to perform the task: 3.35 seconds
2024-06-14 07:00:00,917 - pocketoption - INFO - Target [ID:610323477]: success
2024-06-14 07:00:01,183 - pocketoption - INFO - Target [ID:1838317981]: success
2024-06-14 07:01:01,895 - pocketoption - DEBUG - First Check -> Latest ID: 164123 | Existing ID: 164123
2024-06-14 07:01:02,551 - pocketoption - DEBUG - Balance -> -936 -> Not enough for Withdrawal
2024-06-14 07:01:02,551 - pocketoption - DEBUG - Bonus -> 0.0 -> Not enough for Withdrawal
2024-06-14 07:01:03,783 - pocketoption - DEBUG - Second Check -> Latest ID: 164123 | Existing ID: 164123
2024-06-14 07:59:02,450 - pocketoption - DEBUG - Old session worked fine.
2024-06-14 07:59:04,281 - pocketoption - DEBUG - Processed -> Statistics -> Current week
2024-06-14 07:59:04,281 - pocketoption - DEBUG - Total time taken to perform the task: 3.29 seconds
2024-06-14 08:00:00,722 - pocketoption - DEBUG - No change detected!!
2024-06-14 08:01:02,317 - pocketoption - DEBUG - First Check -> Latest ID: 164123 | Existing ID: 164123
2024-06-14 08:01:02,880 - pocketoption - DEBUG - Balance -> -936 -> Not enough for Withdrawal
2024-06-14 08:01:02,880 - pocketoption - DEBUG - Bonus -> 0.0 -> Not enough for Withdrawal
2024-06-14 08:01:03,881 - pocketoption - DEBUG - Second Check -> Latest ID: 164123 | Existing ID: 164123
2024-06-14 08:59:01,759 - pocketoption - DEBUG - Old session worked fine.
2024-06-14 08:59:03,589 - pocketoption - DEBUG - Processed -> Statistics -> Current week
2024-06-14 08:59:03,589 - pocketoption - DEBUG - Total time taken to perform the task: 3.17 seconds
2024-06-14 09:00:00,077 - pocketoption - DEBUG - No change detected!!
2024-06-14 09:01:01,692 - pocketoption - DEBUG - First Check -> Latest ID: 164123 | Existing ID: 164123
2024-06-14 09:01:02,287 - pocketoption - DEBUG - Balance -> -936 -> Not enough for Withdrawal
2024-06-14 09:01:02,287 - pocketoption - DEBUG - Bonus -> 0.0 -> Not enough for Withdrawal
2024-06-14 09:01:03,147 - pocketoption - DEBUG - Second Check -> Latest ID: 164123 | Existing ID: 164123
2024-06-14 09:59:03,156 - pocketoption - DEBUG - Old session worked fine.
2024-06-14 09:59:04,251 - pocketoption - DEBUG - Processed -> Statistics -> Current week
2024-06-14 09:59:04,251 - pocketoption - DEBUG - Total time taken to perform the task: 3.77 seconds
2024-06-14 10:00:01,247 - pocketoption - INFO - Target [ID:610323477]: success
2024-06-14 10:00:01,528 - pocketoption - INFO - Target [ID:1838317981]: success
2024-06-14 10:01:01,738 - pocketoption - DEBUG - First Check -> Latest ID: 164123 | Existing ID: 164123
2024-06-14 10:01:02,348 - pocketoption - DEBUG - Balance -> -936 -> Not enough for Withdrawal
2024-06-14 10:01:02,348 - pocketoption - DEBUG - Bonus -> 0.0 -> Not enough for Withdrawal
2024-06-14 10:01:03,255 - pocketoption - DEBUG - Second Check -> Latest ID: 164123 | Existing ID: 164123
2024-06-14 10:59:01,772 - pocketoption - DEBUG - Old session worked fine.
2024-06-14 10:59:03,759 - pocketoption - DEBUG - Processed -> Statistics -> Current week
2024-06-14 10:59:03,759 - pocketoption - DEBUG - Total time taken to perform the task: 3.52 seconds
2024-06-14 11:00:00,287 - pocketoption - DEBUG - No change detected!!
2024-06-14 11:01:02,169 - pocketoption - DEBUG - First Check -> Latest ID: 164123 | Existing ID: 164123
2024-06-14 11:01:02,795 - pocketoption - DEBUG - Balance -> -936 -> Not enough for Withdrawal
2024-06-14 11:01:02,795 - pocketoption - DEBUG - Bonus -> 0.0 -> Not enough for Withdrawal
2024-06-14 11:01:03,703 - pocketoption - DEBUG - Second Check -> Latest ID: 164123 | Existing ID: 164123
2024-06-14 11:59:02,498 - pocketoption - DEBUG - Old session worked fine.
2024-06-14 11:59:04,298 - pocketoption - DEBUG - Processed -> Statistics -> Current week
2024-06-14 11:59:04,298 - pocketoption - DEBUG - Total time taken to perform the task: 3.39 seconds
2024-06-14 12:00:00,751 - pocketoption - DEBUG - No change detected!!
2024-06-14 12:01:02,036 - pocketoption - DEBUG - First Check -> Latest ID: 164123 | Existing ID: 164123
2024-06-14 12:01:02,646 - pocketoption - DEBUG - Balance -> -936 -> Not enough for Withdrawal
2024-06-14 12:01:02,646 - pocketoption - DEBUG - Bonus -> 0.0 -> Not enough for Withdrawal
2024-06-14 12:01:03,648 - pocketoption - DEBUG - Second Check -> Latest ID: 164123 | Existing ID: 164123
2024-06-14 12:59:02,251 - pocketoption - DEBUG - Old session worked fine.
2024-06-14 12:59:04,754 - pocketoption - DEBUG - Processed -> Statistics -> Current week
2024-06-14 12:59:04,754 - pocketoption - DEBUG - Total time taken to perform the task: 4.1 seconds
2024-06-14 13:00:00,333 - pocketoption - DEBUG - No change detected!!
2024-06-14 13:01:01,928 - pocketoption - DEBUG - First Check -> Latest ID: 164123 | Existing ID: 164123
2024-06-14 13:01:02,584 - pocketoption - DEBUG - Balance -> -936 -> Not enough for Withdrawal
2024-06-14 13:01:02,584 - pocketoption - DEBUG - Bonus -> 0.0 -> Not enough for Withdrawal
2024-06-14 13:01:03,507 - pocketoption - DEBUG - Second Check -> Latest ID: 164123 | Existing ID: 164123
2024-06-14 13:59:03,223 - pocketoption - DEBUG - Old session worked fine.
2024-06-14 13:59:04,302 - pocketoption - DEBUG - Processed -> Statistics -> Current week
2024-06-14 13:59:04,302 - pocketoption - DEBUG - Total time taken to perform the task: 3.52 seconds
2024-06-14 14:00:00,796 - pocketoption - DEBUG - No change detected!!
2024-06-14 14:01:02,150 - pocketoption - DEBUG - First Check -> Latest ID: 164123 | Existing ID: 164123
2024-06-14 14:01:02,806 - pocketoption - DEBUG - Balance -> -936 -> Not enough for Withdrawal
2024-06-14 14:01:02,806 - pocketoption - DEBUG - Bonus -> 0.0 -> Not enough for Withdrawal
2024-06-14 14:01:03,760 - pocketoption - DEBUG - Second Check -> Latest ID: 164123 | Existing ID: 164123
2024-06-14 14:59:01,942 - pocketoption - DEBUG - Old session worked fine.
2024-06-14 14:59:03,615 - pocketoption - DEBUG - Processed -> Statistics -> Current week
2024-06-14 14:59:03,615 - pocketoption - DEBUG - Total time taken to perform the task: 3.05 seconds
2024-06-14 15:00:00,641 - pocketoption - INFO - Target [ID:610323477]: success
2024-06-14 15:00:00,907 - pocketoption - INFO - Target [ID:1838317981]: success
2024-06-14 15:01:02,599 - pocketoption - DEBUG - First Check -> Latest ID: 164123 | Existing ID: 164123
2024-06-14 15:01:03,177 - pocketoption - DEBUG - Balance -> -936 -> Not enough for Withdrawal
2024-06-14 15:01:03,177 - pocketoption - DEBUG - Bonus -> 0.0 -> Not enough for Withdrawal
2024-06-14 15:01:04,069 - pocketoption - DEBUG - Second Check -> Latest ID: 164123 | Existing ID: 164123
2024-06-14 15:59:02,166 - pocketoption - DEBUG - Old session worked fine.
2024-06-14 15:59:03,996 - pocketoption - DEBUG - Processed -> Statistics -> Current week
2024-06-14 15:59:03,996 - pocketoption - DEBUG - Total time taken to perform the task: 3.24 seconds
2024-06-14 16:00:00,448 - pocketoption - DEBUG - No change detected!!
2024-06-14 16:01:01,999 - pocketoption - DEBUG - First Check -> Latest ID: 164123 | Existing ID: 164123
2024-06-14 16:01:02,641 - pocketoption - DEBUG - Balance -> -936 -> Not enough for Withdrawal
2024-06-14 16:01:02,641 - pocketoption - DEBUG - Bonus -> 0.0 -> Not enough for Withdrawal
2024-06-14 16:01:03,627 - pocketoption - DEBUG - Second Check -> Latest ID: 164123 | Existing ID: 164123
2024-06-14 16:59:01,666 - pocketoption - DEBUG - Old session worked fine.
2024-06-14 16:59:03,198 - pocketoption - DEBUG - Processed -> Statistics -> Current week
2024-06-14 16:59:03,198 - pocketoption - DEBUG - Total time taken to perform the task: 2.97 seconds
2024-06-14 17:00:00,638 - pocketoption - DEBUG - No change detected!!
2024-06-14 17:01:02,251 - pocketoption - DEBUG - First Check -> Latest ID: 164123 | Existing ID: 164123
2024-06-14 17:01:02,844 - pocketoption - DEBUG - Balance -> -936 -> Not enough for Withdrawal
2024-06-14 17:01:02,844 - pocketoption - DEBUG - Bonus -> 0.0 -> Not enough for Withdrawal
2024-06-14 17:01:03,861 - pocketoption - DEBUG - Second Check -> Latest ID: 164123 | Existing ID: 164123
2024-06-14 17:59:02,305 - pocketoption - DEBUG - Old session worked fine.
2024-06-14 17:59:04,102 - pocketoption - DEBUG - Processed -> Statistics -> Current week
2024-06-14 17:59:04,102 - pocketoption - DEBUG - Total time taken to perform the task: 3.17 seconds
2024-06-14 18:00:01,087 - pocketoption - INFO - Target [ID:610323477]: success
2024-06-14 18:00:01,368 - pocketoption - INFO - Target [ID:1838317981]: success
2024-06-14 18:01:01,500 - pocketoption - DEBUG - First Check -> Latest ID: 164123 | Existing ID: 164123
2024-06-14 18:01:02,093 - pocketoption - DEBUG - Balance -> -936 -> Not enough for Withdrawal
2024-06-14 18:01:02,093 - pocketoption - DEBUG - Bonus -> 0.0 -> Not enough for Withdrawal
2024-06-14 18:01:03,000 - pocketoption - DEBUG - Second Check -> Latest ID: 164123 | Existing ID: 164123
2024-06-14 18:59:02,533 - pocketoption - DEBUG - Old session worked fine.
2024-06-14 18:59:03,626 - pocketoption - DEBUG - Processed -> Statistics -> Current week
2024-06-14 18:59:03,626 - pocketoption - DEBUG - Total time taken to perform the task: 2.63 seconds
2024-06-14 19:00:00,630 - pocketoption - INFO - Target [ID:610323477]: success
2024-06-14 19:00:01,006 - pocketoption - INFO - Target [ID:1838317981]: success
2024-06-14 19:01:01,477 - pocketoption - DEBUG - First Check -> Latest ID: 164123 | Existing ID: 164123
2024-06-14 19:01:02,117 - pocketoption - DEBUG - Balance -> -936 -> Not enough for Withdrawal
2024-06-14 19:01:02,117 - pocketoption - DEBUG - Bonus -> 0.0 -> Not enough for Withdrawal
2024-06-14 19:01:03,039 - pocketoption - DEBUG - Second Check -> Latest ID: 164123 | Existing ID: 164123
2024-06-14 19:59:01,824 - pocketoption - DEBUG - Old session worked fine.
2024-06-14 19:59:03,200 - pocketoption - DEBUG - Processed -> Statistics -> Current week
2024-06-14 19:59:03,200 - pocketoption - DEBUG - Total time taken to perform the task: 2.96 seconds
2024-06-14 20:00:01,445 - pocketoption - INFO - Target [ID:610323477]: success
2024-06-14 20:00:01,759 - pocketoption - INFO - Target [ID:1838317981]: success
2024-06-14 20:01:02,245 - pocketoption - DEBUG - First Check -> Latest ID: 164123 | Existing ID: 164123
2024-06-14 20:01:02,840 - pocketoption - DEBUG - Balance -> -936 -> Not enough for Withdrawal
2024-06-14 20:01:02,840 - pocketoption - DEBUG - Bonus -> 0.0 -> Not enough for Withdrawal
2024-06-14 20:01:03,716 - pocketoption - DEBUG - Second Check -> Latest ID: 164123 | Existing ID: 164123
2024-06-14 20:59:01,926 - pocketoption - DEBUG - Old session worked fine.
2024-06-14 20:59:03,709 - pocketoption - DEBUG - Processed -> Statistics -> Current week
2024-06-14 20:59:03,709 - pocketoption - DEBUG - Total time taken to perform the task: 3.16 seconds
2024-06-14 21:00:00,337 - pocketoption - DEBUG - No change detected!!
2024-06-14 21:01:01,951 - pocketoption - DEBUG - First Check -> Latest ID: 164123 | Existing ID: 164123
2024-06-14 21:01:02,514 - pocketoption - DEBUG - Balance -> -936 -> Not enough for Withdrawal
2024-06-14 21:01:02,529 - pocketoption - DEBUG - Bonus -> 0.0 -> Not enough for Withdrawal
2024-06-14 21:01:03,498 - pocketoption - DEBUG - Second Check -> Latest ID: 164123 | Existing ID: 164123
2024-06-14 21:59:01,622 - pocketoption - DEBUG - Old session worked fine.
2024-06-14 21:59:03,076 - pocketoption - DEBUG - Processed -> Statistics -> Current week
2024-06-14 21:59:03,076 - pocketoption - DEBUG - Total time taken to perform the task: 2.94 seconds
2024-06-14 22:00:00,449 - pocketoption - DEBUG - No change detected!!
2024-06-14 22:01:02,438 - pocketoption - DEBUG - First Check -> Latest ID: 164123 | Existing ID: 164123
2024-06-14 22:01:03,048 - pocketoption - DEBUG - Balance -> -936 -> Not enough for Withdrawal
2024-06-14 22:01:03,048 - pocketoption - DEBUG - Bonus -> 0.0 -> Not enough for Withdrawal
2024-06-14 22:01:04,048 - pocketoption - DEBUG - Second Check -> Latest ID: 164123 | Existing ID: 164123
2024-06-14 22:59:02,424 - pocketoption - DEBUG - Old session worked fine.
2024-06-14 22:59:03,846 - pocketoption - DEBUG - Processed -> Statistics -> Current week
2024-06-14 22:59:03,846 - pocketoption - DEBUG - Total time taken to perform the task: 3.38 seconds
2024-06-14 23:00:00,982 - pocketoption - INFO - Target [ID:610323477]: success
2024-06-14 23:00:01,263 - pocketoption - INFO - Target [ID:1838317981]: success
2024-06-14 23:01:01,796 - pocketoption - DEBUG - First Check -> Latest ID: 164123 | Existing ID: 164123
2024-06-14 23:01:02,438 - pocketoption - DEBUG - Balance -> -936 -> Not enough for Withdrawal
2024-06-14 23:01:02,438 - pocketoption - DEBUG - Bonus -> 0.0 -> Not enough for Withdrawal
2024-06-14 23:01:03,375 - pocketoption - DEBUG - Second Check -> Latest ID: 164123 | Existing ID: 164123
2024-06-14 23:59:03,034 - pocketoption - DEBUG - Old session worked fine.
2024-06-14 23:59:04,565 - pocketoption - DEBUG - Processed -> Statistics -> Current week
2024-06-14 23:59:04,565 - pocketoption - DEBUG - Total time taken to perform the task: 4.11 seconds
2024-06-15 00:00:00,093 - pocketoption - DEBUG - No change detected!!
2024-06-15 00:01:02,097 - pocketoption - DEBUG - First Check -> Latest ID: 164123 | Existing ID: 164123
2024-06-15 00:01:02,722 - pocketoption - DEBUG - Balance -> -936 -> Not enough for Withdrawal
2024-06-15 00:01:02,722 - pocketoption - DEBUG - Bonus -> 0.0 -> Not enough for Withdrawal
2024-06-15 00:01:05,396 - pocketoption - DEBUG - Second Check -> Latest ID: 164123 | Existing ID: 164123
2024-06-15 00:59:02,550 - pocketoption - DEBUG - Old session worked fine.
2024-06-15 00:59:04,037 - pocketoption - DEBUG - Processed -> Statistics -> Current week
2024-06-15 00:59:04,037 - pocketoption - DEBUG - Total time taken to perform the task: 3.42 seconds
2024-06-15 01:00:00,662 - pocketoption - DEBUG - No change detected!!
2024-06-15 01:01:02,412 - pocketoption - DEBUG - First Check -> Latest ID: 164123 | Existing ID: 164123
2024-06-15 01:01:02,990 - pocketoption - DEBUG - Balance -> -936 -> Not enough for Withdrawal
2024-06-15 01:01:02,990 - pocketoption - DEBUG - Bonus -> 0.0 -> Not enough for Withdrawal
2024-06-15 01:01:03,914 - pocketoption - DEBUG - Second Check -> Latest ID: 164123 | Existing ID: 164123
2024-06-15 01:59:02,564 - pocketoption - DEBUG - Old session worked fine.
2024-06-15 01:59:05,050 - pocketoption - DEBUG - Processed -> Statistics -> Current week
2024-06-15 01:59:05,050 - pocketoption - DEBUG - Total time taken to perform the task: 4.11 seconds
2024-06-15 02:00:00,568 - pocketoption - DEBUG - No change detected!!
2024-06-15 02:01:02,328 - pocketoption - DEBUG - First Check -> Latest ID: 164123 | Existing ID: 164123
2024-06-15 02:01:03,000 - pocketoption - DEBUG - Balance -> -936 -> Not enough for Withdrawal
2024-06-15 02:01:03,000 - pocketoption - DEBUG - Bonus -> 0.0 -> Not enough for Withdrawal
2024-06-15 02:01:03,911 - pocketoption - DEBUG - Second Check -> Latest ID: 164123 | Existing ID: 164123
2024-06-15 02:59:01,605 - pocketoption - DEBUG - Old session worked fine.
2024-06-15 02:59:03,058 - pocketoption - DEBUG - Processed -> Statistics -> Current week
2024-06-15 02:59:03,058 - pocketoption - DEBUG - Total time taken to perform the task: 2.89 seconds
2024-06-15 03:00:00,620 - pocketoption - DEBUG - No change detected!!
2024-06-15 03:01:02,201 - pocketoption - DEBUG - First Check -> Latest ID: 164123 | Existing ID: 164123
2024-06-15 03:01:02,811 - pocketoption - DEBUG - Balance -> -936 -> Not enough for Withdrawal
2024-06-15 03:01:02,811 - pocketoption - DEBUG - Bonus -> 0.0 -> Not enough for Withdrawal
2024-06-15 03:01:03,780 - pocketoption - DEBUG - Second Check -> Latest ID: 164123 | Existing ID: 164123
2024-06-15 03:59:02,241 - pocketoption - DEBUG - Old session worked fine.
2024-06-15 03:59:03,929 - pocketoption - DEBUG - Processed -> Statistics -> Current week
2024-06-15 03:59:03,929 - pocketoption - DEBUG - Total time taken to perform the task: 3.06 seconds
2024-06-15 04:00:00,497 - pocketoption - DEBUG - No change detected!!
2024-06-15 04:01:02,330 - pocketoption - DEBUG - First Check -> Latest ID: 164123 | Existing ID: 164123
2024-06-15 04:01:02,971 - pocketoption - DEBUG - Balance -> -936 -> Not enough for Withdrawal
2024-06-15 04:01:02,971 - pocketoption - DEBUG - Bonus -> 0.0 -> Not enough for Withdrawal
2024-06-15 04:01:04,018 - pocketoption - DEBUG - Second Check -> Latest ID: 164123 | Existing ID: 164123
2024-06-15 04:59:02,305 - pocketoption - DEBUG - Old session worked fine.
2024-06-15 04:59:03,963 - pocketoption - DEBUG - Processed -> Statistics -> Current week
2024-06-15 04:59:03,963 - pocketoption - DEBUG - Total time taken to perform the task: 3.22 seconds
2024-06-15 05:00:00,318 - pocketoption - DEBUG - No change detected!!
2024-06-15 05:01:02,188 - pocketoption - DEBUG - First Check -> Latest ID: 164123 | Existing ID: 164123
2024-06-15 05:01:02,862 - pocketoption - DEBUG - Balance -> -936 -> Not enough for Withdrawal
2024-06-15 05:01:02,862 - pocketoption - DEBUG - Bonus -> 0.0 -> Not enough for Withdrawal
2024-06-15 05:01:03,799 - pocketoption - DEBUG - Second Check -> Latest ID: 164123 | Existing ID: 164123
2024-06-15 05:59:01,857 - pocketoption - DEBUG - Old session worked fine.
2024-06-15 05:59:02,890 - pocketoption - DEBUG - Processed -> Statistics -> Current week
2024-06-15 05:59:02,890 - pocketoption - DEBUG - Total time taken to perform the task: 2.85 seconds
2024-06-15 06:00:00,330 - pocketoption - DEBUG - No change detected!!
2024-06-15 06:01:01,895 - pocketoption - DEBUG - First Check -> Latest ID: 164123 | Existing ID: 164123
2024-06-15 06:01:02,521 - pocketoption - DEBUG - Balance -> -936 -> Not enough for Withdrawal
2024-06-15 06:01:02,521 - pocketoption - DEBUG - Bonus -> 0.0 -> Not enough for Withdrawal
2024-06-15 06:01:03,459 - pocketoption - DEBUG - Second Check -> Latest ID: 164123 | Existing ID: 164123
2024-06-15 06:59:03,222 - pocketoption - DEBUG - Old session worked fine.
2024-06-15 06:59:04,753 - pocketoption - DEBUG - Processed -> Statistics -> Current week
2024-06-15 06:59:04,753 - pocketoption - DEBUG - Total time taken to perform the task: 4.1 seconds
2024-06-15 07:00:01,739 - pocketoption - DEBUG - No change detected!!
2024-06-15 07:01:02,004 - pocketoption - DEBUG - First Check -> Latest ID: 164123 | Existing ID: 164123
2024-06-15 07:01:02,754 - pocketoption - DEBUG - Balance -> -936 -> Not enough for Withdrawal
2024-06-15 07:01:02,754 - pocketoption - DEBUG - Bonus -> 0.0 -> Not enough for Withdrawal
2024-06-15 07:01:03,740 - pocketoption - DEBUG - Second Check -> Latest ID: 164123 | Existing ID: 164123
2024-06-15 07:59:02,255 - pocketoption - DEBUG - Old session worked fine.
2024-06-15 07:59:03,913 - pocketoption - DEBUG - Processed -> Statistics -> Current week
2024-06-15 07:59:03,913 - pocketoption - DEBUG - Total time taken to perform the task: 3.05 seconds
2024-06-15 08:00:00,240 - pocketoption - DEBUG - No change detected!!
2024-06-15 08:01:01,883 - pocketoption - DEBUG - First Check -> Latest ID: 164123 | Existing ID: 164123
2024-06-15 08:01:02,508 - pocketoption - DEBUG - Balance -> -936 -> Not enough for Withdrawal
2024-06-15 08:01:02,508 - pocketoption - DEBUG - Bonus -> 0.0 -> Not enough for Withdrawal
2024-06-15 08:01:04,712 - pocketoption - DEBUG - Second Check -> Latest ID: 164123 | Existing ID: 164123
2024-06-15 08:59:01,895 - pocketoption - DEBUG - Old session worked fine.
2024-06-15 08:59:03,773 - pocketoption - DEBUG - Processed -> Statistics -> Current week
2024-06-15 08:59:03,773 - pocketoption - DEBUG - Total time taken to perform the task: 3.32 seconds
2024-06-15 09:00:00,295 - pocketoption - DEBUG - No change detected!!
2024-06-15 09:01:01,823 - pocketoption - DEBUG - First Check -> Latest ID: 164123 | Existing ID: 164123
2024-06-15 09:01:02,418 - pocketoption - DEBUG - Balance -> -936 -> Not enough for Withdrawal
2024-06-15 09:01:02,418 - pocketoption - DEBUG - Bonus -> 0.0 -> Not enough for Withdrawal
2024-06-15 09:01:03,372 - pocketoption - DEBUG - Second Check -> Latest ID: 164123 | Existing ID: 164123
2024-06-15 09:59:02,264 - pocketoption - DEBUG - Old session worked fine.
2024-06-15 09:59:03,720 - pocketoption - DEBUG - Processed -> Statistics -> Current week
2024-06-15 09:59:03,720 - pocketoption - DEBUG - Total time taken to perform the task: 2.82 seconds
2024-06-15 10:00:00,368 - pocketoption - DEBUG - No change detected!!
2024-06-15 10:01:01,838 - pocketoption - DEBUG - First Check -> Latest ID: 164123 | Existing ID: 164123
2024-06-15 10:01:02,463 - pocketoption - DEBUG - Balance -> -936 -> Not enough for Withdrawal
2024-06-15 10:01:02,463 - pocketoption - DEBUG - Bonus -> 0.0 -> Not enough for Withdrawal
2024-06-15 10:01:03,527 - pocketoption - DEBUG - Second Check -> Latest ID: 164123 | Existing ID: 164123
2024-06-15 10:59:01,555 - pocketoption - DEBUG - Old session worked fine.
2024-06-15 10:59:03,228 - pocketoption - DEBUG - Processed -> Statistics -> Current week
2024-06-15 10:59:03,228 - pocketoption - DEBUG - Total time taken to perform the task: 3.11 seconds
2024-06-15 11:00:00,815 - pocketoption - DEBUG - No change detected!!
2024-06-15 11:01:01,987 - pocketoption - DEBUG - First Check -> Latest ID: 164123 | Existing ID: 164123
2024-06-15 11:01:02,658 - pocketoption - DEBUG - Balance -> -936 -> Not enough for Withdrawal
2024-06-15 11:01:02,658 - pocketoption - DEBUG - Bonus -> 0.0 -> Not enough for Withdrawal
2024-06-15 11:01:03,613 - pocketoption - DEBUG - Second Check -> Latest ID: 164123 | Existing ID: 164123
2024-06-15 11:59:02,184 - pocketoption - DEBUG - Old session worked fine.
2024-06-15 11:59:03,919 - pocketoption - DEBUG - Processed -> Statistics -> Current week
2024-06-15 11:59:03,919 - pocketoption - DEBUG - Total time taken to perform the task: 3.16 seconds
2024-06-15 12:00:00,403 - pocketoption - DEBUG - No change detected!!
