2024-04-16 12:41:38,788 - pocketoption - DEBUG - ======== New Session ========
2024-04-16 12:41:42,056 - pocketoption - DEBUG - Old session worked fine.
2024-04-16 12:41:42,075 - pocketoption - DEBUG - Payout Last Request ID: 157622
2024-04-16 12:41:42,890 - pocketoption - DEBUG - Date: 2024-04-09 | Hour: 15
2024-04-16 12:41:42,901 - pocketoption - DEBUG - Date: 2024-04-16 | Hour: 14
2024-04-16 12:59:01,437 - pocketoption - DEBUG - Old session worked fine.
2024-04-16 12:59:04,018 - pocketoption - DEBUG - Processed -> Statistics -> Current week
2024-04-16 12:59:04,018 - pocketoption - DEBUG - Total time taken to perform the task: 3.97 seconds
2024-04-16 13:00:00,948 - pocketoption - INFO - Target [ID:610323477]: success
2024-04-16 13:00:01,293 - pocketoption - INFO - Target [ID:1838317981]: success
2024-04-16 13:59:02,374 - pocketoption - DEBUG - Old session worked fine.
2024-04-16 13:59:04,359 - pocketoption - DEBUG - Processed -> Statistics -> Current week
2024-04-16 13:59:04,359 - pocketoption - DEBUG - Total time taken to perform the task: 3.99 seconds
2024-04-16 14:00:01,368 - pocketoption - INFO - Target [ID:610323477]: success
2024-04-16 14:00:01,666 - pocketoption - INFO - Target [ID:1838317981]: success
2024-04-16 14:59:01,831 - pocketoption - DEBUG - Old session worked fine.
2024-04-16 14:59:03,910 - pocketoption - DEBUG - Processed -> Statistics -> Current week
2024-04-16 14:59:03,926 - pocketoption - DEBUG - Total time taken to perform the task: 3.55 seconds
2024-04-16 15:00:00,929 - pocketoption - INFO - Target [ID:610323477]: success
2024-04-16 15:00:01,242 - pocketoption - INFO - Target [ID:1838317981]: success
2024-04-16 15:59:01,716 - pocketoption - DEBUG - Old session worked fine.
2024-04-16 15:59:03,236 - pocketoption - DEBUG - Processed -> Statistics -> Current week
2024-04-16 15:59:03,236 - pocketoption - DEBUG - Total time taken to perform the task: 2.96 seconds
2024-04-16 16:00:01,264 - pocketoption - INFO - Target [ID:610323477]: success
2024-04-16 16:00:01,514 - pocketoption - INFO - Target [ID:1838317981]: success
2024-04-16 16:59:02,180 - pocketoption - DEBUG - Old session worked fine.
2024-04-16 16:59:03,868 - pocketoption - DEBUG - Processed -> Statistics -> Current week
2024-04-16 16:59:03,868 - pocketoption - DEBUG - Total time taken to perform the task: 3.1 seconds
2024-04-16 17:00:00,882 - pocketoption - INFO - Target [ID:610323477]: success
2024-04-16 17:00:01,211 - pocketoption - INFO - Target [ID:1838317981]: success
2024-04-16 17:59:02,800 - pocketoption - DEBUG - Old session worked fine.
2024-04-16 17:59:03,959 - pocketoption - DEBUG - Processed -> Statistics -> Current week
2024-04-16 17:59:03,959 - pocketoption - DEBUG - Total time taken to perform the task: 3.14 seconds
2024-04-16 18:00:00,363 - pocketoption - DEBUG - No change detected!!
2024-04-16 18:59:01,824 - pocketoption - DEBUG - Old session worked fine.
2024-04-16 18:59:03,139 - pocketoption - DEBUG - Processed -> Statistics -> Current week
2024-04-16 18:59:03,139 - pocketoption - DEBUG - Total time taken to perform the task: 2.71 seconds
2024-04-16 19:00:01,413 - pocketoption - INFO - Target [ID:610323477]: success
2024-04-16 19:00:01,803 - pocketoption - INFO - Target [ID:1838317981]: success
2024-04-16 19:59:01,534 - pocketoption - DEBUG - Old session worked fine.
2024-04-16 19:59:03,066 - pocketoption - DEBUG - Processed -> Statistics -> Current week
2024-04-16 19:59:03,066 - pocketoption - DEBUG - Total time taken to perform the task: 2.85 seconds
2024-04-16 20:00:00,977 - pocketoption - INFO - Target [ID:610323477]: success
2024-04-16 20:00:01,274 - pocketoption - INFO - Target [ID:1838317981]: success
2024-04-16 20:59:02,063 - pocketoption - DEBUG - Old session worked fine.
2024-04-16 20:59:03,251 - pocketoption - DEBUG - Processed -> Statistics -> Current week
2024-04-16 20:59:03,251 - pocketoption - DEBUG - Total time taken to perform the task: 3.07 seconds
2024-04-16 21:00:00,609 - pocketoption - DEBUG - No change detected!!
2024-04-16 21:59:01,615 - pocketoption - DEBUG - Old session worked fine.
2024-04-16 21:59:04,010 - pocketoption - DEBUG - Processed -> Statistics -> Current week
2024-04-16 21:59:04,010 - pocketoption - DEBUG - Total time taken to perform the task: 3.86 seconds
2024-04-16 22:00:01,102 - pocketoption - INFO - Target [ID:610323477]: success
2024-04-16 22:00:01,493 - pocketoption - INFO - Target [ID:1838317981]: success
2024-04-16 22:59:01,985 - pocketoption - DEBUG - Old session worked fine.
2024-04-16 22:59:03,611 - pocketoption - DEBUG - Processed -> Statistics -> Current week
2024-04-16 22:59:03,611 - pocketoption - DEBUG - Total time taken to perform the task: 3.06 seconds
2024-04-16 23:00:00,635 - pocketoption - INFO - Target [ID:610323477]: success
2024-04-16 23:00:00,900 - pocketoption - INFO - Target [ID:1838317981]: success
2024-04-16 23:59:02,717 - pocketoption - DEBUG - Old session worked fine.
2024-04-16 23:59:03,811 - pocketoption - DEBUG - Processed -> Statistics -> Current week
2024-04-16 23:59:03,811 - pocketoption - DEBUG - Total time taken to perform the task: 3.22 seconds
2024-04-17 00:00:00,839 - pocketoption - INFO - Target [ID:610323477]: success
2024-04-17 00:00:01,105 - pocketoption - INFO - Target [ID:1838317981]: success
2024-04-17 00:59:01,927 - pocketoption - DEBUG - Old session worked fine.
2024-04-17 00:59:03,913 - pocketoption - DEBUG - Processed -> Statistics -> Current week
2024-04-17 00:59:03,913 - pocketoption - DEBUG - Total time taken to perform the task: 3.41 seconds
2024-04-17 01:00:00,810 - pocketoption - INFO - Target [ID:610323477]: success
2024-04-17 01:00:01,076 - pocketoption - INFO - Target [ID:1838317981]: success
2024-04-17 01:59:02,151 - pocketoption - DEBUG - Old session worked fine.
2024-04-17 01:59:04,324 - pocketoption - DEBUG - Processed -> Statistics -> Current week
2024-04-17 01:59:04,324 - pocketoption - DEBUG - Total time taken to perform the task: 3.58 seconds
2024-04-17 02:00:01,326 - pocketoption - INFO - Target [ID:610323477]: success
2024-04-17 02:00:01,576 - pocketoption - INFO - Target [ID:1838317981]: success
2024-04-17 02:59:02,488 - pocketoption - DEBUG - Old session worked fine.
2024-04-17 02:59:05,571 - pocketoption - DEBUG - Processed -> Statistics -> Current week
2024-04-17 02:59:05,571 - pocketoption - DEBUG - Total time taken to perform the task: 5.47 seconds
2024-04-17 03:00:00,858 - pocketoption - INFO - Target [ID:610323477]: success
2024-04-17 03:00:01,155 - pocketoption - INFO - Target [ID:1838317981]: success
2024-04-17 03:59:02,879 - pocketoption - DEBUG - Old session worked fine.
2024-04-17 03:59:05,569 - pocketoption - DEBUG - Processed -> Statistics -> Current week
2024-04-17 03:59:05,569 - pocketoption - DEBUG - Total time taken to perform the task: 4.97 seconds
2024-04-17 04:00:00,982 - pocketoption - INFO - Target [ID:610323477]: success
2024-04-17 04:00:01,248 - pocketoption - INFO - Target [ID:1838317981]: success
2024-04-17 04:59:03,862 - pocketoption - DEBUG - Old session worked fine.
2024-04-17 04:59:06,241 - pocketoption - DEBUG - Processed -> Statistics -> Current week
2024-04-17 04:59:06,241 - pocketoption - DEBUG - Total time taken to perform the task: 6.05 seconds
2024-04-17 05:00:00,717 - pocketoption - DEBUG - No change detected!!
2024-04-17 05:59:02,713 - pocketoption - DEBUG - Old session worked fine.
2024-04-17 05:59:05,150 - pocketoption - DEBUG - Processed -> Statistics -> Current week
2024-04-17 05:59:05,150 - pocketoption - DEBUG - Total time taken to perform the task: 5.02 seconds
2024-04-17 06:00:00,781 - pocketoption - DEBUG - No change detected!!
2024-04-17 06:59:02,628 - pocketoption - DEBUG - Old session worked fine.
2024-04-17 06:59:05,162 - pocketoption - DEBUG - Processed -> Statistics -> Current week
2024-04-17 06:59:05,178 - pocketoption - DEBUG - Total time taken to perform the task: 4.89 seconds
2024-04-17 07:00:01,577 - pocketoption - INFO - Target [ID:610323477]: success
2024-04-17 07:00:01,842 - pocketoption - INFO - Target [ID:1838317981]: success
2024-04-17 07:59:02,873 - pocketoption - DEBUG - Old session worked fine.
2024-04-17 07:59:04,984 - pocketoption - DEBUG - Processed -> Statistics -> Current week
2024-04-17 07:59:04,984 - pocketoption - DEBUG - Total time taken to perform the task: 4.71 seconds
2024-04-17 08:00:01,640 - pocketoption - INFO - Target [ID:610323477]: success
2024-04-17 08:00:01,921 - pocketoption - INFO - Target [ID:1838317981]: success
2024-04-17 08:59:01,538 - pocketoption - DEBUG - Old session worked fine.
2024-04-17 08:59:03,850 - pocketoption - DEBUG - Processed -> Statistics -> Current week
2024-04-17 08:59:03,850 - pocketoption - DEBUG - Total time taken to perform the task: 3.83 seconds
2024-04-17 09:00:00,240 - pocketoption - DEBUG - No change detected!!
2024-04-17 09:59:02,102 - pocketoption - DEBUG - Old session worked fine.
2024-04-17 09:59:04,167 - pocketoption - DEBUG - Processed -> Statistics -> Current week
2024-04-17 09:59:04,167 - pocketoption - DEBUG - Total time taken to perform the task: 3.52 seconds
2024-04-17 10:00:01,200 - pocketoption - INFO - Target [ID:610323477]: success
2024-04-17 10:00:01,560 - pocketoption - INFO - Target [ID:1838317981]: success
2024-04-17 10:59:02,542 - pocketoption - DEBUG - Old session worked fine.
2024-04-17 10:59:04,090 - pocketoption - DEBUG - Processed -> Statistics -> Current week
2024-04-17 10:59:04,106 - pocketoption - DEBUG - Total time taken to perform the task: 3.61 seconds
2024-04-17 11:00:01,063 - pocketoption - INFO - Target [ID:610323477]: success
2024-04-17 11:00:01,329 - pocketoption - INFO - Target [ID:1838317981]: success
