2024-04-15 12:41:23,164 - pocketoption - DEBUG - ======== New Session ========
2024-04-15 12:41:25,785 - pocketoption - DEBUG - Old session worked fine.
2024-04-15 12:41:25,801 - pocketoption - DEBUG - Payout Last Request ID: 157622
2024-04-15 12:59:02,084 - pocketoption - DEBUG - Old session worked fine.
2024-04-15 12:59:03,852 - pocketoption - DEBUG - Processed -> Statistics -> Current week
2024-04-15 12:59:03,852 - pocketoption - DEBUG - Total time taken to perform the task: 3.14 seconds
2024-04-15 13:00:00,902 - pocketoption - INFO - Target [ID:610323477]: success
2024-04-15 13:00:01,168 - pocketoption - INFO - Target [ID:1838317981]: success
2024-04-15 13:45:57,140 - pocketoption - DEBUG - Date: 2024-04-08 | Hour: 16
2024-04-15 13:45:57,140 - pocketoption - DEBUG - Date: 2024-04-15 | Hour: 16
2024-04-15 13:59:02,154 - pocketoption - DEBUG - Old session worked fine.
2024-04-15 13:59:03,999 - pocketoption - DEBUG - Processed -> Statistics -> Current week
2024-04-15 13:59:03,999 - pocketoption - DEBUG - Total time taken to perform the task: 3.58 seconds
2024-04-15 14:00:01,024 - pocketoption - INFO - Target [ID:610323477]: success
2024-04-15 14:00:01,384 - pocketoption - INFO - Target [ID:1838317981]: success
2024-04-15 14:59:01,955 - pocketoption - DEBUG - Old session worked fine.
2024-04-15 14:59:04,551 - pocketoption - DEBUG - Processed -> Statistics -> Current week
2024-04-15 14:59:04,551 - pocketoption - DEBUG - Total time taken to perform the task: 3.99 seconds
2024-04-15 15:00:00,588 - pocketoption - INFO - Target [ID:610323477]: success
2024-04-15 15:00:00,838 - pocketoption - INFO - Target [ID:1838317981]: success
2024-04-15 15:59:01,760 - pocketoption - DEBUG - Old session worked fine.
2024-04-15 15:59:04,403 - pocketoption - DEBUG - Processed -> Statistics -> Current week
2024-04-15 15:59:04,403 - pocketoption - DEBUG - Total time taken to perform the task: 3.56 seconds
2024-04-15 16:00:00,536 - pocketoption - INFO - Target [ID:610323477]: success
2024-04-15 16:00:00,787 - pocketoption - INFO - Target [ID:1838317981]: success
2024-04-15 16:59:01,641 - pocketoption - DEBUG - Old session worked fine.
2024-04-15 16:59:03,266 - pocketoption - DEBUG - Processed -> Statistics -> Current week
2024-04-15 16:59:03,266 - pocketoption - DEBUG - Total time taken to perform the task: 3.2 seconds
2024-04-15 17:00:00,768 - pocketoption - DEBUG - No change detected!!
2024-04-15 17:59:02,419 - pocketoption - DEBUG - Old session worked fine.
2024-04-15 17:59:03,968 - pocketoption - DEBUG - Processed -> Statistics -> Current week
2024-04-15 17:59:03,968 - pocketoption - DEBUG - Total time taken to perform the task: 3.38 seconds
2024-04-15 18:00:00,922 - pocketoption - INFO - Target [ID:610323477]: success
2024-04-15 18:00:01,188 - pocketoption - INFO - Target [ID:1838317981]: success
2024-04-15 18:59:02,454 - pocketoption - DEBUG - Old session worked fine.
2024-04-15 18:59:04,266 - pocketoption - DEBUG - Processed -> Statistics -> Current week
2024-04-15 18:59:04,266 - pocketoption - DEBUG - Total time taken to perform the task: 3.47 seconds
2024-04-15 19:00:01,212 - pocketoption - INFO - Target [ID:610323477]: success
2024-04-15 19:00:01,462 - pocketoption - INFO - Target [ID:1838317981]: success
2024-04-15 19:59:02,403 - pocketoption - DEBUG - Old session worked fine.
2024-04-15 19:59:04,561 - pocketoption - DEBUG - Processed -> Statistics -> Current week
2024-04-15 19:59:04,577 - pocketoption - DEBUG - Total time taken to perform the task: 3.61 seconds
2024-04-15 20:00:00,622 - pocketoption - INFO - Target [ID:610323477]: success
2024-04-15 20:00:00,872 - pocketoption - INFO - Target [ID:1838317981]: success
2024-04-15 20:59:01,896 - pocketoption - DEBUG - Old session worked fine.
2024-04-15 20:59:03,614 - pocketoption - DEBUG - Processed -> Statistics -> Current week
2024-04-15 20:59:03,614 - pocketoption - DEBUG - Total time taken to perform the task: 2.64 seconds
2024-04-15 21:00:00,638 - pocketoption - INFO - Target [ID:610323477]: success
2024-04-15 21:00:00,887 - pocketoption - INFO - Target [ID:1838317981]: success
2024-04-15 21:59:02,732 - pocketoption - DEBUG - Old session worked fine.
2024-04-15 21:59:04,498 - pocketoption - DEBUG - Processed -> Statistics -> Current week
2024-04-15 21:59:04,514 - pocketoption - DEBUG - Total time taken to perform the task: 3.52 seconds
2024-04-15 22:00:01,510 - pocketoption - INFO - Target [ID:610323477]: success
2024-04-15 22:00:01,775 - pocketoption - INFO - Target [ID:1838317981]: success
2024-04-15 22:59:02,152 - pocketoption - DEBUG - Old session worked fine.
2024-04-15 22:59:03,856 - pocketoption - DEBUG - Processed -> Statistics -> Current week
2024-04-15 22:59:03,856 - pocketoption - DEBUG - Total time taken to perform the task: 3.14 seconds
2024-04-15 23:00:00,854 - pocketoption - INFO - Target [ID:610323477]: success
2024-04-15 23:00:01,136 - pocketoption - INFO - Target [ID:1838317981]: success
2024-04-15 23:59:02,371 - pocketoption - DEBUG - Old session worked fine.
2024-04-15 23:59:04,246 - pocketoption - DEBUG - Processed -> Statistics -> Current week
2024-04-15 23:59:04,246 - pocketoption - DEBUG - Total time taken to perform the task: 3.28 seconds
2024-04-16 00:00:00,742 - pocketoption - DEBUG - No change detected!!
2024-04-16 00:59:01,854 - pocketoption - DEBUG - Old session worked fine.
2024-04-16 00:59:03,403 - pocketoption - DEBUG - Processed -> Statistics -> Current week
2024-04-16 00:59:03,403 - pocketoption - DEBUG - Total time taken to perform the task: 3.32 seconds
2024-04-16 01:00:00,542 - pocketoption - INFO - Target [ID:610323477]: success
2024-04-16 01:00:00,792 - pocketoption - INFO - Target [ID:1838317981]: success
2024-04-16 01:07:59,869 - pocketoption - DEBUG - Date: 2024-04-09 | Hour: 4
2024-04-16 01:07:59,869 - pocketoption - DEBUG - Date: 2024-04-16 | Hour: 4
2024-04-16 01:59:02,523 - pocketoption - DEBUG - Old session worked fine.
2024-04-16 01:59:04,319 - pocketoption - DEBUG - Processed -> Statistics -> Current week
2024-04-16 01:59:04,319 - pocketoption - DEBUG - Total time taken to perform the task: 3.81 seconds
2024-04-16 02:00:00,774 - pocketoption - DEBUG - No change detected!!
2024-04-16 02:59:04,254 - pocketoption - DEBUG - Old session worked fine.
2024-04-16 02:59:06,379 - pocketoption - DEBUG - Processed -> Statistics -> Current week
2024-04-16 02:59:06,379 - pocketoption - DEBUG - Total time taken to perform the task: 5.55 seconds
2024-04-16 03:00:01,675 - pocketoption - INFO - Target [ID:610323477]: success
2024-04-16 03:00:01,940 - pocketoption - INFO - Target [ID:1838317981]: success
2024-04-16 03:59:03,380 - pocketoption - DEBUG - Old session worked fine.
2024-04-16 03:59:06,085 - pocketoption - DEBUG - Processed -> Statistics -> Current week
2024-04-16 03:59:06,085 - pocketoption - DEBUG - Total time taken to perform the task: 5.71 seconds
2024-04-16 04:00:01,346 - pocketoption - INFO - Target [ID:610323477]: success
2024-04-16 04:00:01,596 - pocketoption - INFO - Target [ID:1838317981]: success
2024-04-16 04:59:03,645 - pocketoption - DEBUG - Old session worked fine.
2024-04-16 04:59:07,273 - pocketoption - DEBUG - Processed -> Statistics -> Current week
2024-04-16 04:59:07,273 - pocketoption - DEBUG - Total time taken to perform the task: 7.19 seconds
2024-04-16 05:00:00,831 - pocketoption - DEBUG - No change detected!!
2024-04-16 05:59:03,722 - pocketoption - DEBUG - Old session worked fine.
2024-04-16 05:59:05,659 - pocketoption - DEBUG - Processed -> Statistics -> Current week
2024-04-16 05:59:05,659 - pocketoption - DEBUG - Total time taken to perform the task: 5.36 seconds
2024-04-16 06:00:00,956 - pocketoption - INFO - Target [ID:610323477]: success
2024-04-16 06:00:01,221 - pocketoption - INFO - Target [ID:1838317981]: success
2024-04-16 06:59:02,375 - pocketoption - DEBUG - Old session worked fine.
2024-04-16 06:59:04,956 - pocketoption - DEBUG - Processed -> Statistics -> Current week
2024-04-16 06:59:04,972 - pocketoption - DEBUG - Total time taken to perform the task: 4.77 seconds
2024-04-16 07:00:01,275 - pocketoption - INFO - Target [ID:610323477]: success
2024-04-16 07:00:01,560 - pocketoption - INFO - Target [ID:1838317981]: success
2024-04-16 07:59:01,893 - pocketoption - DEBUG - Old session worked fine.
2024-04-16 07:59:04,505 - pocketoption - DEBUG - Processed -> Statistics -> Current week
2024-04-16 07:59:04,505 - pocketoption - DEBUG - Total time taken to perform the task: 4.13 seconds
2024-04-16 08:00:00,706 - pocketoption - DEBUG - No change detected!!
2024-04-16 08:59:03,822 - pocketoption - DEBUG - Old session worked fine.
2024-04-16 08:59:06,310 - pocketoption - DEBUG - Processed -> Statistics -> Current week
2024-04-16 08:59:06,310 - pocketoption - DEBUG - Total time taken to perform the task: 5.44 seconds
2024-04-16 09:00:01,581 - pocketoption - INFO - Target [ID:610323477]: success
2024-04-16 09:00:01,864 - pocketoption - INFO - Target [ID:1838317981]: success
2024-04-16 09:59:03,914 - pocketoption - DEBUG - Old session worked fine.
2024-04-16 09:59:05,851 - pocketoption - DEBUG - Processed -> Statistics -> Current week
2024-04-16 09:59:05,851 - pocketoption - DEBUG - Total time taken to perform the task: 5.55 seconds
2024-04-16 10:00:01,107 - pocketoption - INFO - Target [ID:610323477]: success
2024-04-16 10:00:01,403 - pocketoption - INFO - Target [ID:1838317981]: success
2024-04-16 10:59:02,340 - pocketoption - DEBUG - Old session worked fine.
2024-04-16 10:59:04,639 - pocketoption - DEBUG - Processed -> Statistics -> Current week
2024-04-16 10:59:04,639 - pocketoption - DEBUG - Total time taken to perform the task: 3.69 seconds
2024-04-16 11:00:00,726 - pocketoption - INFO - Target [ID:610323477]: success
2024-04-16 11:00:00,977 - pocketoption - INFO - Target [ID:1838317981]: success
