2024-04-09 12:41:17,917 - pocketoption - DEBUG - ======== New Session ========
2024-04-09 12:41:20,330 - pocketoption - DEBUG - Old session worked fine.
2024-04-09 12:41:20,342 - pocketoption - DEBUG - Payout Last Request ID: 157622
2024-04-09 12:59:02,016 - pocketoption - DEBUG - Old session worked fine.
2024-04-09 12:59:03,846 - pocketoption - DEBUG - Processed -> Statistics -> Current week
2024-04-09 12:59:03,862 - pocketoption - DEBUG - Total time taken to perform the task: 3.2 seconds
2024-04-09 13:00:01,067 - pocketoption - INFO - Target [ID:610323477]: success
2024-04-09 13:00:01,411 - pocketoption - INFO - Target [ID:1838317981]: success
2024-04-09 13:59:02,173 - pocketoption - DEBUG - Old session worked fine.
2024-04-09 13:59:03,706 - pocketoption - DEBUG - Processed -> Statistics -> Current week
2024-04-09 13:59:03,706 - pocketoption - DEBUG - Total time taken to perform the task: 3.7 seconds
2024-04-09 14:00:00,699 - pocketoption - INFO - Target [ID:610323477]: success
2024-04-09 14:00:00,996 - pocketoption - INFO - Target [ID:1838317981]: success
2024-04-09 14:56:19,307 - pocketoption - DEBUG - Date: 2024-04-02 | Hour: 17
2024-04-09 14:56:19,307 - pocketoption - DEBUG - Date: 2024-04-09 | Hour: 17
2024-04-09 14:59:01,604 - pocketoption - DEBUG - Old session worked fine.
2024-04-09 14:59:03,386 - pocketoption - DEBUG - Processed -> Statistics -> Current week
2024-04-09 14:59:03,386 - pocketoption - DEBUG - Total time taken to perform the task: 3.16 seconds
2024-04-09 15:00:01,429 - pocketoption - INFO - Target [ID:610323477]: success
2024-04-09 15:00:01,679 - pocketoption - INFO - Target [ID:1838317981]: success
2024-04-09 15:59:01,639 - pocketoption - DEBUG - Old session worked fine.
2024-04-09 15:59:03,640 - pocketoption - DEBUG - Processed -> Statistics -> Current week
2024-04-09 15:59:03,640 - pocketoption - DEBUG - Total time taken to perform the task: 3.41 seconds
2024-04-09 16:00:00,582 - pocketoption - INFO - Target [ID:610323477]: success
2024-04-09 16:00:00,832 - pocketoption - INFO - Target [ID:1838317981]: success
2024-04-09 16:59:02,953 - pocketoption - DEBUG - Old session worked fine.
2024-04-09 16:59:04,563 - pocketoption - DEBUG - Processed -> Statistics -> Current week
2024-04-09 16:59:04,563 - pocketoption - DEBUG - Total time taken to perform the task: 3.58 seconds
2024-04-09 17:00:00,566 - pocketoption - INFO - Target [ID:610323477]: success
2024-04-09 17:00:00,832 - pocketoption - INFO - Target [ID:1838317981]: success
2024-04-09 17:59:01,978 - pocketoption - DEBUG - Old session worked fine.
2024-04-09 17:59:03,916 - pocketoption - DEBUG - Processed -> Statistics -> Current week
2024-04-09 17:59:03,916 - pocketoption - DEBUG - Total time taken to perform the task: 3.3 seconds
2024-04-09 18:00:00,198 - pocketoption - DEBUG - No change detected!!
2024-04-09 18:59:01,841 - pocketoption - DEBUG - Old session worked fine.
2024-04-09 18:59:03,390 - pocketoption - DEBUG - Processed -> Statistics -> Current week
2024-04-09 18:59:03,390 - pocketoption - DEBUG - Total time taken to perform the task: 2.96 seconds
2024-04-09 19:00:01,437 - pocketoption - INFO - Target [ID:610323477]: success
2024-04-09 19:00:01,688 - pocketoption - INFO - Target [ID:1838317981]: success
2024-04-09 19:59:02,031 - pocketoption - DEBUG - Old session worked fine.
2024-04-09 19:59:03,579 - pocketoption - DEBUG - Processed -> Statistics -> Current week
2024-04-09 19:59:03,579 - pocketoption - DEBUG - Total time taken to perform the task: 2.99 seconds
2024-04-09 20:00:00,286 - pocketoption - INFO - Target [ID:610323477]: success
2024-04-09 20:00:00,567 - pocketoption - INFO - Target [ID:1838317981]: success
2024-04-09 20:59:02,012 - pocketoption - DEBUG - Old session worked fine.
2024-04-09 20:59:03,435 - pocketoption - DEBUG - Processed -> Statistics -> Current week
2024-04-09 20:59:03,435 - pocketoption - DEBUG - Total time taken to perform the task: 2.6 seconds
2024-04-09 21:00:01,451 - pocketoption - INFO - Target [ID:610323477]: success
2024-04-09 21:00:01,732 - pocketoption - INFO - Target [ID:1838317981]: success
2024-04-09 21:59:02,167 - pocketoption - DEBUG - Old session worked fine.
2024-04-09 21:59:03,980 - pocketoption - DEBUG - Processed -> Statistics -> Current week
2024-04-09 21:59:03,980 - pocketoption - DEBUG - Total time taken to perform the task: 3.22 seconds
2024-04-09 22:00:01,164 - pocketoption - INFO - Target [ID:610323477]: success
2024-04-09 22:00:01,445 - pocketoption - INFO - Target [ID:1838317981]: success
2024-04-09 22:59:02,087 - pocketoption - DEBUG - Old session worked fine.
2024-04-09 22:59:04,119 - pocketoption - DEBUG - Processed -> Statistics -> Current week
2024-04-09 22:59:04,119 - pocketoption - DEBUG - Total time taken to perform the task: 3.42 seconds
2024-04-09 23:00:01,139 - pocketoption - INFO - Target [ID:610323477]: success
2024-04-09 23:00:01,390 - pocketoption - INFO - Target [ID:1838317981]: success
2024-04-09 23:59:02,064 - pocketoption - DEBUG - Old session worked fine.
2024-04-09 23:59:03,644 - pocketoption - DEBUG - Processed -> Statistics -> Current week
2024-04-09 23:59:03,659 - pocketoption - DEBUG - Total time taken to perform the task: 2.99 seconds
2024-04-10 00:00:00,715 - pocketoption - INFO - Target [ID:610323477]: success
2024-04-10 00:00:00,965 - pocketoption - INFO - Target [ID:1838317981]: success
2024-04-10 00:59:01,785 - pocketoption - DEBUG - Old session worked fine.
2024-04-10 00:59:03,191 - pocketoption - DEBUG - Processed -> Statistics -> Current week
2024-04-10 00:59:03,191 - pocketoption - DEBUG - Total time taken to perform the task: 2.86 seconds
2024-04-10 01:00:01,200 - pocketoption - INFO - Target [ID:610323477]: success
2024-04-10 01:00:01,450 - pocketoption - INFO - Target [ID:1838317981]: success
2024-04-10 01:59:11,149 - pocketoption - DEBUG - Old session worked fine.
2024-04-10 01:59:16,700 - pocketoption - DEBUG - Processed -> Statistics -> Current week
2024-04-10 01:59:16,700 - pocketoption - DEBUG - Total time taken to perform the task: 16.62 seconds
2024-04-10 02:00:00,922 - pocketoption - INFO - Target [ID:610323477]: success
2024-04-10 02:00:01,250 - pocketoption - INFO - Target [ID:1838317981]: success
2024-04-10 02:59:37,381 - pocketoption - DEBUG - Old session worked fine.
2024-04-10 02:59:42,572 - pocketoption - DEBUG - Processed -> Statistics -> Current week
2024-04-10 02:59:42,587 - pocketoption - DEBUG - Total time taken to perform the task: 41.99 seconds
2024-04-10 03:00:02,154 - pocketoption - INFO - Target [ID:610323477]: success
2024-04-10 03:00:02,575 - pocketoption - INFO - Target [ID:1838317981]: success
