2024-08-16 00:31:08,252 - pocketoption - DEBUG - ======== New Session ========
2024-08-16 00:31:10,519 - pocketoption - DEBUG - Old session worked fine.
2024-08-16 00:31:10,532 - pocketoption - DEBUG - Payout Last Request ID: 183850
2024-08-16 00:59:01,868 - pocketoption - DEBUG - Old session worked fine.
2024-08-16 00:59:06,684 - pocketoption - DEBUG - Processed -> Statistics -> Current week
2024-08-16 00:59:06,684 - pocketoption - DEBUG - Total time taken to perform the task: 5.74 seconds
2024-08-16 01:00:00,762 - pocketoption - INFO - Target [ID:610323477]: success
2024-08-16 01:00:01,058 - pocketoption - INFO - Target [ID:1838317981]: success
2024-08-16 01:01:01,174 - pocketoption - DEBUG - First Check -> Latest ID: 183850 | Existing ID: 183850
2024-08-16 01:01:01,643 - pocketoption - DEBUG - Balance -> 1 -> Not enough for Withdrawal
2024-08-16 01:01:01,643 - pocketoption - DEBUG - Bonus -> 0.0 -> Not enough for Withdrawal
2024-08-16 01:01:02,439 - pocketoption - DEBUG - Second Check -> Latest ID: 183850 | Existing ID: 183850
2024-08-16 01:59:01,765 - pocketoption - DEBUG - Old session worked fine.
2024-08-16 01:59:06,736 - pocketoption - DEBUG - Processed -> Statistics -> Current week
2024-08-16 01:59:06,736 - pocketoption - DEBUG - Total time taken to perform the task: 6.0 seconds
2024-08-16 02:00:00,135 - pocketoption - DEBUG - No change detected!!
2024-08-16 02:01:01,703 - pocketoption - DEBUG - First Check -> Latest ID: 183850 | Existing ID: 183850
2024-08-16 02:01:02,220 - pocketoption - DEBUG - Balance -> 1 -> Not enough for Withdrawal
2024-08-16 02:01:02,220 - pocketoption - DEBUG - Bonus -> 0.0 -> Not enough for Withdrawal
2024-08-16 02:01:03,049 - pocketoption - DEBUG - Second Check -> Latest ID: 183850 | Existing ID: 183850
2024-08-16 02:59:01,791 - pocketoption - DEBUG - Old session worked fine.
2024-08-16 02:59:09,641 - pocketoption - DEBUG - Processed -> Statistics -> Current week
2024-08-16 02:59:09,641 - pocketoption - DEBUG - Total time taken to perform the task: 8.76 seconds
2024-08-16 03:00:00,663 - pocketoption - INFO - Target [ID:610323477]: success
2024-08-16 03:00:00,946 - pocketoption - INFO - Target [ID:1838317981]: success
2024-08-16 03:01:01,612 - pocketoption - DEBUG - First Check -> Latest ID: 183850 | Existing ID: 183850
2024-08-16 03:01:02,127 - pocketoption - DEBUG - Balance -> 1 -> Not enough for Withdrawal
2024-08-16 03:01:02,127 - pocketoption - DEBUG - Bonus -> 0.0 -> Not enough for Withdrawal
2024-08-16 03:01:02,877 - pocketoption - DEBUG - Second Check -> Latest ID: 183850 | Existing ID: 183850
2024-08-16 03:59:01,968 - pocketoption - DEBUG - Old session worked fine.
2024-08-16 03:59:09,834 - pocketoption - DEBUG - Processed -> Statistics -> Current week
2024-08-16 03:59:09,834 - pocketoption - DEBUG - Total time taken to perform the task: 8.99 seconds
2024-08-16 04:00:00,845 - pocketoption - INFO - Target [ID:610323477]: success
2024-08-16 04:00:01,127 - pocketoption - INFO - Target [ID:1838317981]: success
2024-08-16 04:01:01,459 - pocketoption - DEBUG - First Check -> Latest ID: 183850 | Existing ID: 183850
2024-08-16 04:01:01,945 - pocketoption - DEBUG - Balance -> 1 -> Not enough for Withdrawal
2024-08-16 04:01:01,945 - pocketoption - DEBUG - Bonus -> 0.0 -> Not enough for Withdrawal
2024-08-16 04:01:02,758 - pocketoption - DEBUG - Second Check -> Latest ID: 183850 | Existing ID: 183850
2024-08-16 04:59:01,403 - pocketoption - DEBUG - Old session worked fine.
2024-08-16 04:59:09,158 - pocketoption - DEBUG - Processed -> Statistics -> Current week
2024-08-16 04:59:09,158 - pocketoption - DEBUG - Total time taken to perform the task: 8.93 seconds
2024-08-16 05:00:01,241 - pocketoption - INFO - Target [ID:610323477]: success
2024-08-16 05:00:01,515 - pocketoption - INFO - Target [ID:1838317981]: success
2024-08-16 05:01:02,524 - pocketoption - DEBUG - First Check -> Latest ID: 183850 | Existing ID: 183850
2024-08-16 05:01:03,150 - pocketoption - DEBUG - Balance -> 1 -> Not enough for Withdrawal
2024-08-16 05:01:03,150 - pocketoption - DEBUG - Bonus -> 0.0 -> Not enough for Withdrawal
2024-08-16 05:01:04,119 - pocketoption - DEBUG - Second Check -> Latest ID: 183850 | Existing ID: 183850
2024-08-16 05:59:01,906 - pocketoption - DEBUG - Old session worked fine.
2024-08-16 05:59:10,037 - pocketoption - DEBUG - Processed -> Statistics -> Current week
2024-08-16 05:59:10,037 - pocketoption - DEBUG - Total time taken to perform the task: 9.61 seconds
2024-08-16 06:00:00,413 - pocketoption - DEBUG - No change detected!!
2024-08-16 06:01:01,803 - pocketoption - DEBUG - First Check -> Latest ID: 183850 | Existing ID: 183850
2024-08-16 06:01:02,397 - pocketoption - DEBUG - Balance -> 1 -> Not enough for Withdrawal
2024-08-16 06:01:02,397 - pocketoption - DEBUG - Bonus -> 0.0 -> Not enough for Withdrawal
2024-08-16 06:01:03,335 - pocketoption - DEBUG - Second Check -> Latest ID: 183850 | Existing ID: 183850
2024-08-16 06:59:01,500 - pocketoption - DEBUG - Old session worked fine.
2024-08-16 06:59:09,630 - pocketoption - DEBUG - Processed -> Statistics -> Current week
2024-08-16 06:59:09,630 - pocketoption - DEBUG - Total time taken to perform the task: 9.35 seconds
2024-08-16 07:00:01,491 - pocketoption - INFO - Target [ID:610323477]: success
2024-08-16 07:00:01,772 - pocketoption - INFO - Target [ID:1838317981]: success
2024-08-16 07:01:01,936 - pocketoption - DEBUG - First Check -> Latest ID: 183850 | Existing ID: 183850
2024-08-16 07:01:02,514 - pocketoption - DEBUG - Balance -> 1 -> Not enough for Withdrawal
2024-08-16 07:01:02,514 - pocketoption - DEBUG - Bonus -> 0.0 -> Not enough for Withdrawal
2024-08-16 07:01:03,420 - pocketoption - DEBUG - Second Check -> Latest ID: 183850 | Existing ID: 183850
2024-08-16 07:22:56,974 - pocketoption - DEBUG - Date: 2024-08-09 | Hour: 10
2024-08-16 07:22:56,990 - pocketoption - DEBUG - Date: 2024-08-16 | Hour: 10
2024-08-16 07:59:01,536 - pocketoption - DEBUG - Old session worked fine.
2024-08-16 07:59:09,699 - pocketoption - DEBUG - Processed -> Statistics -> Current week
2024-08-16 07:59:09,699 - pocketoption - DEBUG - Total time taken to perform the task: 9.63 seconds
2024-08-16 08:00:01,588 - pocketoption - INFO - Target [ID:610323477]: success
2024-08-16 08:00:01,963 - pocketoption - INFO - Target [ID:1838317981]: success
2024-08-16 08:01:02,111 - pocketoption - DEBUG - First Check -> Latest ID: 183850 | Existing ID: 183850
2024-08-16 08:01:02,642 - pocketoption - DEBUG - Balance -> 1 -> Not enough for Withdrawal
2024-08-16 08:01:02,642 - pocketoption - DEBUG - Bonus -> 0.0 -> Not enough for Withdrawal
2024-08-16 08:01:03,548 - pocketoption - DEBUG - Second Check -> Latest ID: 183850 | Existing ID: 183850
2024-08-16 08:59:02,384 - pocketoption - DEBUG - Old session worked fine.
2024-08-16 08:59:10,388 - pocketoption - DEBUG - Processed -> Statistics -> Current week
2024-08-16 08:59:10,388 - pocketoption - DEBUG - Total time taken to perform the task: 9.41 seconds
2024-08-16 09:00:01,188 - pocketoption - INFO - Target [ID:610323477]: success
2024-08-16 09:00:01,470 - pocketoption - INFO - Target [ID:1838317981]: success
2024-08-16 09:01:02,548 - pocketoption - DEBUG - First Check -> Latest ID: 183850 | Existing ID: 183850
2024-08-16 09:01:03,142 - pocketoption - DEBUG - Balance -> 1 -> Not enough for Withdrawal
2024-08-16 09:01:03,142 - pocketoption - DEBUG - Bonus -> 0.0 -> Not enough for Withdrawal
2024-08-16 09:01:04,173 - pocketoption - DEBUG - Second Check -> Latest ID: 183850 | Existing ID: 183850
2024-08-16 09:59:01,623 - pocketoption - DEBUG - Old session worked fine.
2024-08-16 09:59:06,391 - pocketoption - DEBUG - Processed -> Statistics -> Current week
2024-08-16 09:59:06,391 - pocketoption - DEBUG - Total time taken to perform the task: 6.21 seconds
2024-08-16 10:00:01,524 - pocketoption - INFO - Target [ID:610323477]: success
2024-08-16 10:00:01,805 - pocketoption - INFO - Target [ID:1838317981]: success
2024-08-16 10:01:01,853 - pocketoption - DEBUG - First Check -> Latest ID: 183850 | Existing ID: 183850
2024-08-16 10:01:02,463 - pocketoption - DEBUG - Balance -> 1 -> Not enough for Withdrawal
2024-08-16 10:01:02,463 - pocketoption - DEBUG - Bonus -> 0.0 -> Not enough for Withdrawal
2024-08-16 10:01:03,370 - pocketoption - DEBUG - Second Check -> Latest ID: 183850 | Existing ID: 183850
2024-08-16 10:59:02,314 - pocketoption - DEBUG - Old session worked fine.
2024-08-16 10:59:06,557 - pocketoption - DEBUG - Processed -> Statistics -> Current week
2024-08-16 10:59:06,557 - pocketoption - DEBUG - Total time taken to perform the task: 5.9 seconds
2024-08-16 11:00:00,600 - pocketoption - INFO - Target [ID:610323477]: success
2024-08-16 11:00:00,866 - pocketoption - INFO - Target [ID:1838317981]: success
2024-08-16 11:01:02,330 - pocketoption - DEBUG - First Check -> Latest ID: 183850 | Existing ID: 183850
2024-08-16 11:01:02,971 - pocketoption - DEBUG - Balance -> 1 -> Not enough for Withdrawal
2024-08-16 11:01:02,971 - pocketoption - DEBUG - Bonus -> 0.0 -> Not enough for Withdrawal
2024-08-16 11:01:03,941 - pocketoption - DEBUG - Second Check -> Latest ID: 183850 | Existing ID: 183850
2024-08-16 11:59:02,258 - pocketoption - DEBUG - Old session worked fine.
2024-08-16 11:59:11,407 - pocketoption - DEBUG - Processed -> Statistics -> Current week
2024-08-16 11:59:11,407 - pocketoption - DEBUG - Total time taken to perform the task: 10.62 seconds
2024-08-16 12:00:01,424 - pocketoption - INFO - Target [ID:610323477]: success
2024-08-16 12:00:01,705 - pocketoption - INFO - Target [ID:1838317981]: success
2024-08-16 12:01:01,812 - pocketoption - DEBUG - First Check -> Latest ID: 183850 | Existing ID: 183850
2024-08-16 12:01:02,422 - pocketoption - DEBUG - Balance -> 1 -> Not enough for Withdrawal
2024-08-16 12:01:02,422 - pocketoption - DEBUG - Bonus -> 0.0 -> Not enough for Withdrawal
2024-08-16 12:01:03,312 - pocketoption - DEBUG - Second Check -> Latest ID: 183850 | Existing ID: 183850
2024-08-16 12:59:02,403 - pocketoption - DEBUG - Old session worked fine.
2024-08-16 12:59:10,472 - pocketoption - DEBUG - Processed -> Statistics -> Current week
2024-08-16 12:59:10,472 - pocketoption - DEBUG - Total time taken to perform the task: 9.62 seconds
2024-08-16 13:00:01,460 - pocketoption - INFO - Target [ID:610323477]: success
2024-08-16 13:00:01,742 - pocketoption - INFO - Target [ID:1838317981]: success
2024-08-16 13:01:02,089 - pocketoption - DEBUG - First Check -> Latest ID: 183850 | Existing ID: 183850
2024-08-16 13:01:02,636 - pocketoption - DEBUG - Balance -> 1 -> Not enough for Withdrawal
2024-08-16 13:01:02,636 - pocketoption - DEBUG - Bonus -> 0.0 -> Not enough for Withdrawal
2024-08-16 13:01:03,622 - pocketoption - DEBUG - Second Check -> Latest ID: 183850 | Existing ID: 183850
2024-08-16 13:59:01,161 - pocketoption - DEBUG - Old session worked fine.
2024-08-16 13:59:10,935 - pocketoption - DEBUG - Processed -> Statistics -> Current week
2024-08-16 13:59:10,935 - pocketoption - DEBUG - Total time taken to perform the task: 10.81 seconds
2024-08-16 14:00:00,421 - pocketoption - DEBUG - No change detected!!
2024-08-16 14:01:02,142 - pocketoption - DEBUG - First Check -> Latest ID: 183850 | Existing ID: 183850
2024-08-16 14:01:02,737 - pocketoption - DEBUG - Balance -> 1 -> Not enough for Withdrawal
2024-08-16 14:01:02,737 - pocketoption - DEBUG - Bonus -> 0.0 -> Not enough for Withdrawal
2024-08-16 14:01:03,893 - pocketoption - DEBUG - Second Check -> Latest ID: 183850 | Existing ID: 183850
2024-08-16 14:59:02,304 - pocketoption - DEBUG - Old session worked fine.
2024-08-16 14:59:10,122 - pocketoption - DEBUG - Processed -> Statistics -> Current week
2024-08-16 14:59:10,122 - pocketoption - DEBUG - Total time taken to perform the task: 9.29 seconds
2024-08-16 15:00:01,155 - pocketoption - INFO - Target [ID:610323477]: success
2024-08-16 15:00:01,452 - pocketoption - INFO - Target [ID:1838317981]: success
2024-08-16 15:01:01,674 - pocketoption - DEBUG - First Check -> Latest ID: 183850 | Existing ID: 183850
2024-08-16 15:01:02,190 - pocketoption - DEBUG - Balance -> 1 -> Not enough for Withdrawal
2024-08-16 15:01:02,190 - pocketoption - DEBUG - Bonus -> 0.0 -> Not enough for Withdrawal
2024-08-16 15:01:03,003 - pocketoption - DEBUG - Second Check -> Latest ID: 183850 | Existing ID: 183850
2024-08-16 15:59:01,751 - pocketoption - DEBUG - Old session worked fine.
2024-08-16 15:59:09,708 - pocketoption - DEBUG - Processed -> Statistics -> Current week
2024-08-16 15:59:09,708 - pocketoption - DEBUG - Total time taken to perform the task: 9.07 seconds
2024-08-16 16:00:00,674 - pocketoption - INFO - Target [ID:610323477]: success
2024-08-16 16:00:00,957 - pocketoption - INFO - Target [ID:1838317981]: success
2024-08-16 16:01:01,751 - pocketoption - DEBUG - First Check -> Latest ID: 183850 | Existing ID: 183850
2024-08-16 16:01:02,204 - pocketoption - DEBUG - Balance -> 1 -> Not enough for Withdrawal
2024-08-16 16:01:02,204 - pocketoption - DEBUG - Bonus -> 0.0 -> Not enough for Withdrawal
2024-08-16 16:01:03,001 - pocketoption - DEBUG - Second Check -> Latest ID: 183850 | Existing ID: 183850
2024-08-16 16:59:01,551 - pocketoption - DEBUG - Old session worked fine.
2024-08-16 16:59:09,383 - pocketoption - DEBUG - Processed -> Statistics -> Current week
2024-08-16 16:59:09,383 - pocketoption - DEBUG - Total time taken to perform the task: 8.88 seconds
2024-08-16 17:00:01,530 - pocketoption - INFO - Target [ID:610323477]: success
2024-08-16 17:00:01,800 - pocketoption - INFO - Target [ID:1838317981]: success
2024-08-16 17:01:01,419 - pocketoption - DEBUG - First Check -> Latest ID: 183850 | Existing ID: 183850
2024-08-16 17:01:01,997 - pocketoption - DEBUG - Balance -> 1 -> Not enough for Withdrawal
2024-08-16 17:01:01,997 - pocketoption - DEBUG - Bonus -> 0.0 -> Not enough for Withdrawal
2024-08-16 17:01:02,904 - pocketoption - DEBUG - Second Check -> Latest ID: 183850 | Existing ID: 183850
2024-08-16 17:59:01,800 - pocketoption - DEBUG - Old session worked fine.
2024-08-16 17:59:10,649 - pocketoption - DEBUG - Processed -> Statistics -> Current week
2024-08-16 17:59:10,649 - pocketoption - DEBUG - Total time taken to perform the task: 9.8 seconds
2024-08-16 18:00:00,810 - pocketoption - INFO - Target [ID:610323477]: success
2024-08-16 18:00:01,076 - pocketoption - INFO - Target [ID:1838317981]: success
2024-08-16 18:01:01,826 - pocketoption - DEBUG - First Check -> Latest ID: 183850 | Existing ID: 183850
2024-08-16 18:01:02,546 - pocketoption - DEBUG - Balance -> 1 -> Not enough for Withdrawal
2024-08-16 18:01:02,546 - pocketoption - DEBUG - Bonus -> 0.0 -> Not enough for Withdrawal
2024-08-16 18:01:03,407 - pocketoption - DEBUG - Second Check -> Latest ID: 183850 | Existing ID: 183850
2024-08-16 18:59:01,858 - pocketoption - DEBUG - Old session worked fine.
2024-08-16 18:59:04,187 - pocketoption - DEBUG - Processed -> Statistics -> Current week
2024-08-16 18:59:04,187 - pocketoption - DEBUG - Total time taken to perform the task: 3.77 seconds
2024-08-16 19:00:01,253 - pocketoption - INFO - Target [ID:610323477]: success
2024-08-16 19:00:01,518 - pocketoption - INFO - Target [ID:1838317981]: success
2024-08-16 19:01:02,421 - pocketoption - DEBUG - First Check -> Latest ID: 183850 | Existing ID: 183850
2024-08-16 19:01:02,999 - pocketoption - DEBUG - Balance -> 1 -> Not enough for Withdrawal
2024-08-16 19:01:02,999 - pocketoption - DEBUG - Bonus -> 0.0 -> Not enough for Withdrawal
2024-08-16 19:01:03,922 - pocketoption - DEBUG - Second Check -> Latest ID: 183850 | Existing ID: 183850
2024-08-16 19:59:01,847 - pocketoption - DEBUG - Old session worked fine.
2024-08-16 19:59:09,713 - pocketoption - DEBUG - Processed -> Statistics -> Current week
2024-08-16 19:59:09,713 - pocketoption - DEBUG - Total time taken to perform the task: 8.88 seconds
2024-08-16 20:00:00,023 - pocketoption - DEBUG - No change detected!!
2024-08-16 20:01:01,663 - pocketoption - DEBUG - First Check -> Latest ID: 183850 | Existing ID: 183850
2024-08-16 20:01:02,133 - pocketoption - DEBUG - Balance -> 1 -> Not enough for Withdrawal
2024-08-16 20:01:02,133 - pocketoption - DEBUG - Bonus -> 0.0 -> Not enough for Withdrawal
2024-08-16 20:01:02,884 - pocketoption - DEBUG - Second Check -> Latest ID: 183850 | Existing ID: 183850
2024-08-16 20:59:01,060 - pocketoption - DEBUG - Old session worked fine.
2024-08-16 20:59:05,766 - pocketoption - DEBUG - Processed -> Statistics -> Current week
2024-08-16 20:59:05,766 - pocketoption - DEBUG - Total time taken to perform the task: 5.65 seconds
2024-08-16 21:00:00,739 - pocketoption - INFO - Target [ID:610323477]: success
2024-08-16 21:00:01,053 - pocketoption - INFO - Target [ID:1838317981]: success
2024-08-16 21:01:01,345 - pocketoption - DEBUG - First Check -> Latest ID: 183850 | Existing ID: 183850
2024-08-16 21:01:01,829 - pocketoption - DEBUG - Balance -> 1 -> Not enough for Withdrawal
2024-08-16 21:01:01,829 - pocketoption - DEBUG - Bonus -> 0.0 -> Not enough for Withdrawal
2024-08-16 21:01:02,596 - pocketoption - DEBUG - Second Check -> Latest ID: 183850 | Existing ID: 183850
2024-08-16 21:59:01,484 - pocketoption - DEBUG - Old session worked fine.
2024-08-16 21:59:09,211 - pocketoption - DEBUG - Processed -> Statistics -> Current week
2024-08-16 21:59:09,211 - pocketoption - DEBUG - Total time taken to perform the task: 8.74 seconds
2024-08-16 22:00:01,332 - pocketoption - INFO - Target [ID:610323477]: success
2024-08-16 22:00:01,613 - pocketoption - INFO - Target [ID:1838317981]: success
2024-08-16 22:01:01,245 - pocketoption - DEBUG - First Check -> Latest ID: 183850 | Existing ID: 183850
2024-08-16 22:01:01,760 - pocketoption - DEBUG - Balance -> 1 -> Not enough for Withdrawal
2024-08-16 22:01:01,760 - pocketoption - DEBUG - Bonus -> 0.0 -> Not enough for Withdrawal
2024-08-16 22:01:02,560 - pocketoption - DEBUG - Second Check -> Latest ID: 183850 | Existing ID: 183850
2024-08-16 22:59:01,735 - pocketoption - DEBUG - Old session worked fine.
2024-08-16 22:59:05,926 - pocketoption - DEBUG - Processed -> Statistics -> Current week
2024-08-16 22:59:05,926 - pocketoption - DEBUG - Total time taken to perform the task: 5.13 seconds
2024-08-16 23:00:01,140 - pocketoption - INFO - Target [ID:610323477]: success
2024-08-16 23:00:01,406 - pocketoption - INFO - Target [ID:1838317981]: success
2024-08-16 23:01:01,387 - pocketoption - DEBUG - First Check -> Latest ID: 183850 | Existing ID: 183850
2024-08-16 23:01:01,841 - pocketoption - DEBUG - Balance -> 1 -> Not enough for Withdrawal
2024-08-16 23:01:01,841 - pocketoption - DEBUG - Bonus -> 0.0 -> Not enough for Withdrawal
2024-08-16 23:01:02,591 - pocketoption - DEBUG - Second Check -> Latest ID: 183850 | Existing ID: 183850
2024-08-16 23:59:01,727 - pocketoption - DEBUG - Old session worked fine.
2024-08-16 23:59:06,043 - pocketoption - DEBUG - Processed -> Statistics -> Current week
2024-08-16 23:59:06,059 - pocketoption - DEBUG - Total time taken to perform the task: 5.68 seconds
2024-08-17 00:00:01,144 - pocketoption - INFO - Target [ID:610323477]: success
2024-08-17 00:00:01,441 - pocketoption - INFO - Target [ID:1838317981]: success
2024-08-17 00:01:01,805 - pocketoption - DEBUG - First Check -> Latest ID: 183850 | Existing ID: 183850
2024-08-17 00:01:02,383 - pocketoption - DEBUG - Balance -> 1 -> Not enough for Withdrawal
2024-08-17 00:01:02,383 - pocketoption - DEBUG - Bonus -> 0.0 -> Not enough for Withdrawal
2024-08-17 00:01:03,260 - pocketoption - DEBUG - Second Check -> Latest ID: 183850 | Existing ID: 183850
