2024-04-11 12:42:10,697 - pocketoption - DEBUG - ======== New Session ========
2024-04-11 12:42:13,591 - pocketoption - DEBUG - Old session worked fine.
2024-04-11 12:42:13,603 - pocketoption - DEBUG - Payout Last Request ID: 157622
2024-04-11 12:59:01,892 - pocketoption - DEBUG - Old session worked fine.
2024-04-11 12:59:04,021 - pocketoption - DEBUG - Processed -> Statistics -> Current week
2024-04-11 12:59:04,021 - pocketoption - DEBUG - Total time taken to perform the task: 3.58 seconds
2024-04-11 13:00:00,948 - pocketoption - INFO - Target [ID:610323477]: success
2024-04-11 13:00:01,213 - pocketoption - INFO - Target [ID:1838317981]: success
2024-04-11 13:59:02,581 - pocketoption - DEBUG - Old session worked fine.
2024-04-11 13:59:04,254 - pocketoption - DEBUG - Processed -> Statistics -> Current week
2024-04-11 13:59:04,254 - pocketoption - DEBUG - Total time taken to perform the task: 3.99 seconds
2024-04-11 14:00:01,282 - pocketoption - INFO - Target [ID:610323477]: success
2024-04-11 14:00:01,548 - pocketoption - INFO - Target [ID:1838317981]: success
2024-04-11 14:04:35,341 - pocketoption - DEBUG - Date: 2024-04-04 | Hour: 17
2024-04-11 14:04:35,341 - pocketoption - DEBUG - Date: 2024-04-11 | Hour: 17
2024-04-11 14:59:02,211 - pocketoption - DEBUG - Old session worked fine.
2024-04-11 14:59:04,477 - pocketoption - DEBUG - Processed -> Statistics -> Current week
2024-04-11 14:59:04,477 - pocketoption - DEBUG - Total time taken to perform the task: 3.63 seconds
2024-04-11 15:00:00,557 - pocketoption - INFO - Target [ID:610323477]: success
2024-04-11 15:00:00,807 - pocketoption - INFO - Target [ID:1838317981]: success
2024-04-11 15:59:02,230 - pocketoption - DEBUG - Old session worked fine.
2024-04-11 15:59:04,031 - pocketoption - DEBUG - Processed -> Statistics -> Current week
2024-04-11 15:59:04,031 - pocketoption - DEBUG - Total time taken to perform the task: 3.18 seconds
2024-04-11 16:00:01,177 - pocketoption - INFO - Target [ID:610323477]: success
2024-04-11 16:00:01,522 - pocketoption - INFO - Target [ID:1838317981]: success
2024-04-11 16:59:02,127 - pocketoption - DEBUG - Old session worked fine.
2024-04-11 16:59:04,053 - pocketoption - DEBUG - Processed -> Statistics -> Current week
2024-04-11 16:59:04,053 - pocketoption - DEBUG - Total time taken to perform the task: 3.32 seconds
2024-04-11 17:00:00,975 - pocketoption - INFO - Target [ID:610323477]: success
2024-04-11 17:00:01,240 - pocketoption - INFO - Target [ID:1838317981]: success
2024-04-11 17:59:02,708 - pocketoption - DEBUG - Old session worked fine.
2024-04-11 17:59:04,398 - pocketoption - DEBUG - Processed -> Statistics -> Current week
2024-04-11 17:59:04,398 - pocketoption - DEBUG - Total time taken to perform the task: 3.41 seconds
2024-04-11 18:00:01,436 - pocketoption - INFO - Target [ID:610323477]: success
2024-04-11 18:00:01,702 - pocketoption - INFO - Target [ID:1838317981]: success
2024-04-11 18:59:02,370 - pocketoption - DEBUG - Old session worked fine.
2024-04-11 18:59:04,686 - pocketoption - DEBUG - Processed -> Statistics -> Current week
2024-04-11 18:59:04,686 - pocketoption - DEBUG - Total time taken to perform the task: 3.71 seconds
2024-04-11 19:00:00,577 - pocketoption - INFO - Target [ID:610323477]: success
2024-04-11 19:00:00,874 - pocketoption - INFO - Target [ID:1838317981]: success
2024-04-11 19:59:01,643 - pocketoption - DEBUG - Old session worked fine.
2024-04-11 19:59:03,348 - pocketoption - DEBUG - Processed -> Statistics -> Current week
2024-04-11 19:59:03,348 - pocketoption - DEBUG - Total time taken to perform the task: 3.19 seconds
2024-04-11 20:00:01,172 - pocketoption - INFO - Target [ID:610323477]: success
2024-04-11 20:00:01,422 - pocketoption - INFO - Target [ID:1838317981]: success
2024-04-11 20:05:30,506 - pocketoption - DEBUG - Date: 2024-04-04 | Hour: 23
2024-04-11 20:05:30,521 - pocketoption - DEBUG - Date: 2024-04-11 | Hour: 23
2024-04-11 20:59:01,848 - pocketoption - DEBUG - Old session worked fine.
2024-04-11 20:59:03,333 - pocketoption - DEBUG - Processed -> Statistics -> Current week
2024-04-11 20:59:03,333 - pocketoption - DEBUG - Total time taken to perform the task: 3.09 seconds
2024-04-11 21:00:01,219 - pocketoption - INFO - Target [ID:610323477]: success
2024-04-11 21:00:01,485 - pocketoption - INFO - Target [ID:1838317981]: success
2024-04-11 21:59:02,374 - pocketoption - DEBUG - Old session worked fine.
2024-04-11 21:59:03,844 - pocketoption - DEBUG - Processed -> Statistics -> Current week
2024-04-11 21:59:03,844 - pocketoption - DEBUG - Total time taken to perform the task: 2.96 seconds
2024-04-11 22:00:00,773 - pocketoption - INFO - Target [ID:610323477]: success
2024-04-11 22:00:01,054 - pocketoption - INFO - Target [ID:1838317981]: success
2024-04-11 22:23:04,889 - pocketoption - DEBUG - Date: 2024-04-05 | Hour: 1
2024-04-11 22:23:04,905 - pocketoption - DEBUG - Date: 2024-04-12 | Hour: 1
2024-04-11 22:59:01,759 - pocketoption - DEBUG - Old session worked fine.
2024-04-11 22:59:03,478 - pocketoption - DEBUG - Processed -> Statistics -> Current week
2024-04-11 22:59:03,478 - pocketoption - DEBUG - Total time taken to perform the task: 3.17 seconds
2024-04-11 23:00:00,523 - pocketoption - INFO - Target [ID:610323477]: success
2024-04-11 23:00:00,789 - pocketoption - INFO - Target [ID:1838317981]: success
2024-04-11 23:59:01,816 - pocketoption - DEBUG - Old session worked fine.
2024-04-11 23:59:03,349 - pocketoption - DEBUG - Processed -> Statistics -> Current week
2024-04-11 23:59:03,349 - pocketoption - DEBUG - Total time taken to perform the task: 2.94 seconds
2024-04-12 00:00:01,446 - pocketoption - INFO - Target [ID:610323477]: success
2024-04-12 00:00:01,774 - pocketoption - INFO - Target [ID:1838317981]: success
2024-04-12 00:23:59,376 - pocketoption - DEBUG - Date: 2024-04-05 | Hour: 3
2024-04-12 00:23:59,376 - pocketoption - DEBUG - Date: 2024-04-12 | Hour: 3
2024-04-12 00:59:02,135 - pocketoption - DEBUG - Old session worked fine.
2024-04-12 00:59:04,088 - pocketoption - DEBUG - Processed -> Statistics -> Current week
2024-04-12 00:59:04,088 - pocketoption - DEBUG - Total time taken to perform the task: 3.56 seconds
2024-04-12 01:00:01,058 - pocketoption - INFO - Target [ID:610323477]: success
2024-04-12 01:00:01,309 - pocketoption - INFO - Target [ID:1838317981]: success
2024-04-12 01:59:01,613 - pocketoption - DEBUG - Old session worked fine.
2024-04-12 01:59:03,146 - pocketoption - DEBUG - Processed -> Statistics -> Current week
2024-04-12 01:59:03,146 - pocketoption - DEBUG - Total time taken to perform the task: 3.0 seconds
2024-04-12 02:00:01,242 - pocketoption - INFO - Target [ID:610323477]: success
2024-04-12 02:00:01,507 - pocketoption - INFO - Target [ID:1838317981]: success
2024-04-12 02:59:02,969 - pocketoption - DEBUG - Old session worked fine.
2024-04-12 02:59:05,253 - pocketoption - DEBUG - Processed -> Statistics -> Current week
2024-04-12 02:59:05,269 - pocketoption - DEBUG - Total time taken to perform the task: 4.77 seconds
2024-04-12 03:00:00,786 - pocketoption - DEBUG - No change detected!!
2024-04-12 03:59:03,132 - pocketoption - DEBUG - Old session worked fine.
2024-04-12 03:59:05,211 - pocketoption - DEBUG - Processed -> Statistics -> Current week
2024-04-12 03:59:05,211 - pocketoption - DEBUG - Total time taken to perform the task: 4.38 seconds
2024-04-12 04:00:01,586 - pocketoption - INFO - Target [ID:610323477]: success
2024-04-12 04:00:01,867 - pocketoption - INFO - Target [ID:1838317981]: success
2024-04-12 04:59:02,612 - pocketoption - DEBUG - Old session worked fine.
2024-04-12 04:59:04,973 - pocketoption - DEBUG - Processed -> Statistics -> Current week
2024-04-12 04:59:04,973 - pocketoption - DEBUG - Total time taken to perform the task: 4.83 seconds
2024-04-12 05:00:01,210 - pocketoption - INFO - Target [ID:610323477]: success
2024-04-12 05:00:01,492 - pocketoption - INFO - Target [ID:1838317981]: success
2024-04-12 05:59:02,325 - pocketoption - DEBUG - Old session worked fine.
2024-04-12 05:59:04,202 - pocketoption - DEBUG - Processed -> Statistics -> Current week
2024-04-12 05:59:04,202 - pocketoption - DEBUG - Total time taken to perform the task: 3.27 seconds
2024-04-12 06:00:00,726 - pocketoption - DEBUG - No change detected!!
2024-04-12 06:59:02,126 - pocketoption - DEBUG - Old session worked fine.
2024-04-12 06:59:04,127 - pocketoption - DEBUG - Processed -> Statistics -> Current week
2024-04-12 06:59:04,127 - pocketoption - DEBUG - Total time taken to perform the task: 3.38 seconds
2024-04-12 07:00:01,193 - pocketoption - INFO - Target [ID:610323477]: success
2024-04-12 07:00:01,443 - pocketoption - INFO - Target [ID:1838317981]: success
2024-04-12 07:59:02,713 - pocketoption - DEBUG - Old session worked fine.
2024-04-12 07:59:04,214 - pocketoption - DEBUG - Processed -> Statistics -> Current week
2024-04-12 07:59:04,214 - pocketoption - DEBUG - Total time taken to perform the task: 3.28 seconds
2024-04-12 08:00:00,659 - pocketoption - DEBUG - No change detected!!
2024-04-12 08:59:02,070 - pocketoption - DEBUG - Old session worked fine.
2024-04-12 08:59:04,132 - pocketoption - DEBUG - Processed -> Statistics -> Current week
2024-04-12 08:59:04,132 - pocketoption - DEBUG - Total time taken to perform the task: 3.55 seconds
2024-04-12 09:00:00,685 - pocketoption - DEBUG - No change detected!!
2024-04-12 09:59:02,037 - pocketoption - DEBUG - Old session worked fine.
2024-04-12 09:59:03,648 - pocketoption - DEBUG - Processed -> Statistics -> Current week
2024-04-12 09:59:03,648 - pocketoption - DEBUG - Total time taken to perform the task: 3.05 seconds
2024-04-12 10:00:00,675 - pocketoption - INFO - Target [ID:610323477]: success
2024-04-12 10:00:00,941 - pocketoption - INFO - Target [ID:1838317981]: success
2024-04-12 10:59:02,908 - pocketoption - DEBUG - Old session worked fine.
2024-04-12 10:59:04,018 - pocketoption - DEBUG - Processed -> Statistics -> Current week
2024-04-12 10:59:04,018 - pocketoption - DEBUG - Total time taken to perform the task: 3.28 seconds
2024-04-12 11:00:00,930 - pocketoption - INFO - Target [ID:610323477]: success
2024-04-12 11:00:01,211 - pocketoption - INFO - Target [ID:1838317981]: success
