2024-03-05 11:45:40,674 - pocketoption - DEBUG - ======== New Session ========
2024-03-05 11:45:42,962 - pocketoption - DEBUG - Old session worked fine.
2024-03-05 11:45:42,976 - pocketoption - DEBUG - Payout Last Request ID: 152051
2024-03-05 11:59:01,392 - pocketoption - DEBUG - Old session worked fine.
2024-03-05 11:59:02,793 - pocketoption - DEBUG - Processed -> Statistics -> Current week
2024-03-05 11:59:02,793 - pocketoption - DEBUG - Total time taken to perform the task: 2.79 seconds
2024-03-05 12:00:00,596 - pocketoption - INFO - Target [ID:610323477]: success
2024-03-05 12:00:00,862 - pocketoption - INFO - Target [ID:1838317981]: success
2024-03-05 12:01:02,321 - pocketoption - DEBUG - First Check -> Latest ID: 152051 | Existing ID: 152051
2024-03-05 12:01:02,962 - pocketoption - DEBUG - Balance -> 1 -> Not enough for Withdrawal
2024-03-05 12:01:02,962 - pocketoption - DEBUG - Bonus -> 0.0 -> Not enough for Withdrawal
2024-03-05 12:01:03,791 - pocketoption - DEBUG - Second Check -> Latest ID: 152051 | Existing ID: 152051
2024-03-05 12:59:01,877 - pocketoption - DEBUG - Old session worked fine.
2024-03-05 12:59:03,221 - pocketoption - DEBUG - Processed -> Statistics -> Current week
2024-03-05 12:59:03,221 - pocketoption - DEBUG - Total time taken to perform the task: 2.22 seconds
2024-03-05 13:00:01,020 - pocketoption - INFO - Target [ID:610323477]: success
2024-03-05 13:00:01,286 - pocketoption - INFO - Target [ID:1838317981]: success
2024-03-05 13:01:01,802 - pocketoption - DEBUG - First Check -> Latest ID: 152051 | Existing ID: 152051
2024-03-05 13:01:02,490 - pocketoption - DEBUG - Balance -> 1 -> Not enough for Withdrawal
2024-03-05 13:01:02,490 - pocketoption - DEBUG - Bonus -> 0.0 -> Not enough for Withdrawal
2024-03-05 13:01:03,287 - pocketoption - DEBUG - Second Check -> Latest ID: 152051 | Existing ID: 152051
2024-03-05 13:59:02,185 - pocketoption - DEBUG - Old session worked fine.
2024-03-05 13:59:03,718 - pocketoption - DEBUG - Processed -> Statistics -> Current week
2024-03-05 13:59:03,718 - pocketoption - DEBUG - Total time taken to perform the task: 3.04 seconds
2024-03-05 14:00:01,447 - pocketoption - INFO - Target [ID:610323477]: success
2024-03-05 14:00:01,760 - pocketoption - INFO - Target [ID:1838317981]: success
2024-03-05 14:01:01,798 - pocketoption - DEBUG - First Check -> Latest ID: 152051 | Existing ID: 152051
2024-03-05 14:01:02,469 - pocketoption - DEBUG - Balance -> 1 -> Not enough for Withdrawal
2024-03-05 14:01:02,469 - pocketoption - DEBUG - Bonus -> 0.0 -> Not enough for Withdrawal
2024-03-05 14:01:03,267 - pocketoption - DEBUG - Second Check -> Latest ID: 152051 | Existing ID: 152051
2024-03-05 14:59:01,484 - pocketoption - DEBUG - Old session worked fine.
2024-03-05 14:59:02,847 - pocketoption - DEBUG - Processed -> Statistics -> Current week
2024-03-05 14:59:02,847 - pocketoption - DEBUG - Total time taken to perform the task: 2.76 seconds
2024-03-05 15:00:00,861 - pocketoption - INFO - Target [ID:610323477]: success
2024-03-05 15:00:01,189 - pocketoption - INFO - Target [ID:1838317981]: success
2024-03-05 15:01:01,442 - pocketoption - DEBUG - First Check -> Latest ID: 152051 | Existing ID: 152051
2024-03-05 15:01:02,118 - pocketoption - DEBUG - Balance -> 1 -> Not enough for Withdrawal
2024-03-05 15:01:02,118 - pocketoption - DEBUG - Bonus -> 0.0 -> Not enough for Withdrawal
2024-03-05 15:01:02,947 - pocketoption - DEBUG - Second Check -> Latest ID: 152051 | Existing ID: 152051
2024-03-05 15:59:02,013 - pocketoption - DEBUG - Old session worked fine.
2024-03-05 15:59:03,487 - pocketoption - DEBUG - Processed -> Statistics -> Current week
2024-03-05 15:59:03,487 - pocketoption - DEBUG - Total time taken to perform the task: 2.8 seconds
2024-03-05 16:00:00,045 - pocketoption - DEBUG - No change detected!!
2024-03-05 16:01:01,718 - pocketoption - DEBUG - First Check -> Latest ID: 152051 | Existing ID: 152051
2024-03-05 16:01:02,422 - pocketoption - DEBUG - Balance -> 1 -> Not enough for Withdrawal
2024-03-05 16:01:02,438 - pocketoption - DEBUG - Bonus -> 0.0 -> Not enough for Withdrawal
2024-03-05 16:01:03,239 - pocketoption - DEBUG - Second Check -> Latest ID: 152051 | Existing ID: 152051
2024-03-05 16:22:04,172 - pocketoption - DEBUG - Date: 2024-02-27 | Hour: 20
2024-03-05 16:22:04,188 - pocketoption - DEBUG - Date: 2024-03-05 | Hour: 20
2024-03-05 16:59:01,426 - pocketoption - DEBUG - Old session worked fine.
2024-03-05 16:59:02,864 - pocketoption - DEBUG - Processed -> Statistics -> Current week
2024-03-05 16:59:02,864 - pocketoption - DEBUG - Total time taken to perform the task: 2.8 seconds
2024-03-05 17:00:00,747 - pocketoption - INFO - Target [ID:610323477]: success
2024-03-05 17:00:00,997 - pocketoption - INFO - Target [ID:1838317981]: success
2024-03-05 17:01:02,284 - pocketoption - DEBUG - First Check -> Latest ID: 152051 | Existing ID: 152051
2024-03-05 17:01:02,925 - pocketoption - DEBUG - Balance -> 1 -> Not enough for Withdrawal
2024-03-05 17:01:02,925 - pocketoption - DEBUG - Bonus -> 0.0 -> Not enough for Withdrawal
2024-03-05 17:01:03,756 - pocketoption - DEBUG - Second Check -> Latest ID: 152051 | Existing ID: 152051
2024-03-05 17:59:01,550 - pocketoption - DEBUG - Old session worked fine.
2024-03-05 17:59:02,926 - pocketoption - DEBUG - Processed -> Statistics -> Current week
2024-03-05 17:59:02,926 - pocketoption - DEBUG - Total time taken to perform the task: 2.71 seconds
2024-03-05 18:00:00,874 - pocketoption - INFO - Target [ID:610323477]: success
2024-03-05 18:00:01,171 - pocketoption - INFO - Target [ID:1838317981]: success
2024-03-05 18:01:02,275 - pocketoption - DEBUG - First Check -> Latest ID: 152051 | Existing ID: 152051
2024-03-05 18:01:02,979 - pocketoption - DEBUG - Balance -> 1 -> Not enough for Withdrawal
2024-03-05 18:01:02,979 - pocketoption - DEBUG - Bonus -> 0.0 -> Not enough for Withdrawal
2024-03-05 18:01:03,855 - pocketoption - DEBUG - Second Check -> Latest ID: 152051 | Existing ID: 152051
2024-03-05 18:59:01,463 - pocketoption - DEBUG - Old session worked fine.
2024-03-05 18:59:02,886 - pocketoption - DEBUG - Processed -> Statistics -> Current week
2024-03-05 18:59:02,886 - pocketoption - DEBUG - Total time taken to perform the task: 2.82 seconds
2024-03-05 19:00:00,812 - pocketoption - INFO - Target [ID:610323477]: success
2024-03-05 19:00:01,077 - pocketoption - INFO - Target [ID:1838317981]: success
2024-03-05 19:01:02,331 - pocketoption - DEBUG - First Check -> Latest ID: 152051 | Existing ID: 152051
2024-03-05 19:01:03,066 - pocketoption - DEBUG - Balance -> 1 -> Not enough for Withdrawal
2024-03-05 19:01:03,066 - pocketoption - DEBUG - Bonus -> 0.0 -> Not enough for Withdrawal
2024-03-05 19:01:03,974 - pocketoption - DEBUG - Second Check -> Latest ID: 152051 | Existing ID: 152051
2024-03-05 19:59:01,869 - pocketoption - DEBUG - Old session worked fine.
2024-03-05 19:59:03,449 - pocketoption - DEBUG - Processed -> Statistics -> Current week
2024-03-05 19:59:03,449 - pocketoption - DEBUG - Total time taken to perform the task: 2.96 seconds
2024-03-05 20:00:01,234 - pocketoption - INFO - Target [ID:610323477]: success
2024-03-05 20:00:01,499 - pocketoption - INFO - Target [ID:1838317981]: success
2024-03-05 20:01:01,065 - pocketoption - DEBUG - First Check -> Latest ID: 152051 | Existing ID: 152051
2024-03-05 20:01:01,706 - pocketoption - DEBUG - Balance -> 1 -> Not enough for Withdrawal
2024-03-05 20:01:01,706 - pocketoption - DEBUG - Bonus -> 0.0 -> Not enough for Withdrawal
2024-03-05 20:01:02,521 - pocketoption - DEBUG - Second Check -> Latest ID: 152051 | Existing ID: 152051
2024-03-05 20:59:02,073 - pocketoption - DEBUG - Old session worked fine.
2024-03-05 20:59:03,608 - pocketoption - DEBUG - Processed -> Statistics -> Current week
2024-03-05 20:59:03,608 - pocketoption - DEBUG - Total time taken to perform the task: 2.96 seconds
2024-03-05 21:00:01,452 - pocketoption - INFO - Target [ID:610323477]: success
2024-03-05 21:00:01,765 - pocketoption - INFO - Target [ID:1838317981]: success
2024-03-05 21:01:02,114 - pocketoption - DEBUG - First Check -> Latest ID: 152051 | Existing ID: 152051
2024-03-05 21:01:02,756 - pocketoption - DEBUG - Balance -> 1 -> Not enough for Withdrawal
2024-03-05 21:01:02,756 - pocketoption - DEBUG - Bonus -> 0.0 -> Not enough for Withdrawal
2024-03-05 21:01:03,555 - pocketoption - DEBUG - Second Check -> Latest ID: 152051 | Existing ID: 152051
2024-03-05 21:05:54,265 - pocketoption - DEBUG - Date: 2024-02-28 | Hour: 1
2024-03-05 21:05:54,280 - pocketoption - DEBUG - Date: 2024-03-06 | Hour: 1
2024-03-05 21:59:01,881 - pocketoption - DEBUG - Old session worked fine.
2024-03-05 21:59:03,335 - pocketoption - DEBUG - Processed -> Statistics -> Current week
2024-03-05 21:59:03,335 - pocketoption - DEBUG - Total time taken to perform the task: 2.78 seconds
2024-03-05 22:00:01,017 - pocketoption - INFO - Target [ID:610323477]: success
2024-03-05 22:00:01,298 - pocketoption - INFO - Target [ID:1838317981]: success
2024-03-05 22:01:01,679 - pocketoption - DEBUG - First Check -> Latest ID: 152051 | Existing ID: 152051
2024-03-05 22:01:02,305 - pocketoption - DEBUG - Balance -> 1 -> Not enough for Withdrawal
2024-03-05 22:01:02,305 - pocketoption - DEBUG - Bonus -> 0.0 -> Not enough for Withdrawal
2024-03-05 22:01:03,102 - pocketoption - DEBUG - Second Check -> Latest ID: 152051 | Existing ID: 152051
2024-03-05 22:59:02,077 - pocketoption - DEBUG - Old session worked fine.
2024-03-05 22:59:03,673 - pocketoption - DEBUG - Processed -> Statistics -> Current week
2024-03-05 22:59:03,673 - pocketoption - DEBUG - Total time taken to perform the task: 2.94 seconds
2024-03-05 23:00:01,300 - pocketoption - INFO - Target [ID:610323477]: success
2024-03-05 23:00:01,550 - pocketoption - INFO - Target [ID:1838317981]: success
2024-03-05 23:01:02,037 - pocketoption - DEBUG - First Check -> Latest ID: 152051 | Existing ID: 152051
2024-03-05 23:01:02,694 - pocketoption - DEBUG - Balance -> 1 -> Not enough for Withdrawal
2024-03-05 23:01:02,694 - pocketoption - DEBUG - Bonus -> 0.0 -> Not enough for Withdrawal
2024-03-05 23:01:03,475 - pocketoption - DEBUG - Second Check -> Latest ID: 152051 | Existing ID: 152051
