2024-03-11 11:45:42,770 - pocketoption - DEBUG - ======== New Session ========
2024-03-11 11:45:45,199 - pocketoption - DEBUG - Old session worked fine.
2024-03-11 11:45:45,209 - pocketoption - DEBUG - Payout Last Request ID: 153326
2024-03-11 11:45:46,173 - pocketoption - DEBUG - Date: 2024-03-04 | Hour: 14
2024-03-11 11:45:46,180 - pocketoption - DEBUG - Date: 2024-03-11 | Hour: 13
2024-03-11 11:59:01,897 - pocketoption - DEBUG - Old session worked fine.
2024-03-11 11:59:02,914 - pocketoption - DEBUG - Processed -> Statistics -> Current week
2024-03-11 11:59:02,914 - pocketoption - DEBUG - Total time taken to perform the task: 2.47 seconds
2024-03-11 12:00:00,711 - pocketoption - INFO - Target [ID:610323477]: success
2024-03-11 12:00:00,961 - pocketoption - INFO - Target [ID:1838317981]: success
2024-03-11 12:01:01,496 - pocketoption - DEBUG - First Check -> Latest ID: 153326 | Existing ID: 153326
2024-03-11 12:01:01,496 - pocketoption - DEBUG - Auto-Withdrawal is currently off!!
2024-03-11 12:01:02,388 - pocketoption - DEBUG - Second Check -> Latest ID: 153326 | Existing ID: 153326
2024-03-11 12:32:27,810 - pocketoption - DEBUG - Date: 2024-03-04 | Hour: 15
2024-03-11 12:32:27,810 - pocketoption - DEBUG - Date: 2024-03-11 | Hour: 15
2024-03-11 12:59:02,676 - pocketoption - DEBUG - Old session worked fine.
2024-03-11 12:59:03,994 - pocketoption - DEBUG - Processed -> Statistics -> Current week
2024-03-11 12:59:03,994 - pocketoption - DEBUG - Total time taken to perform the task: 3.01 seconds
2024-03-11 13:00:00,598 - pocketoption - INFO - Target [ID:610323477]: success
2024-03-11 13:00:00,848 - pocketoption - INFO - Target [ID:1838317981]: success
2024-03-11 13:01:01,904 - pocketoption - DEBUG - First Check -> Latest ID: 153326 | Existing ID: 153326
2024-03-11 13:01:01,904 - pocketoption - DEBUG - Auto-Withdrawal is currently off!!
2024-03-11 13:01:02,733 - pocketoption - DEBUG - Second Check -> Latest ID: 153326 | Existing ID: 153326
2024-03-11 13:59:02,068 - pocketoption - DEBUG - Old session worked fine.
2024-03-11 13:59:03,054 - pocketoption - DEBUG - Processed -> Statistics -> Current week
2024-03-11 13:59:03,054 - pocketoption - DEBUG - Total time taken to perform the task: 2.43 seconds
2024-03-11 14:00:00,899 - pocketoption - INFO - Target [ID:610323477]: success
2024-03-11 14:00:01,165 - pocketoption - INFO - Target [ID:1838317981]: success
2024-03-11 14:01:01,587 - pocketoption - DEBUG - First Check -> Latest ID: 153326 | Existing ID: 153326
2024-03-11 14:01:01,587 - pocketoption - DEBUG - Auto-Withdrawal is currently off!!
2024-03-11 14:01:02,479 - pocketoption - DEBUG - Second Check -> Latest ID: 153326 | Existing ID: 153326
2024-03-11 14:59:01,741 - pocketoption - DEBUG - Old session worked fine.
2024-03-11 14:59:03,087 - pocketoption - DEBUG - Processed -> Statistics -> Current week
2024-03-11 14:59:03,087 - pocketoption - DEBUG - Total time taken to perform the task: 2.77 seconds
2024-03-11 15:00:01,116 - pocketoption - INFO - Target [ID:610323477]: success
2024-03-11 15:00:01,381 - pocketoption - INFO - Target [ID:1838317981]: success
2024-03-11 15:01:01,413 - pocketoption - DEBUG - First Check -> Latest ID: 153326 | Existing ID: 153326
2024-03-11 15:01:01,413 - pocketoption - DEBUG - Auto-Withdrawal is currently off!!
2024-03-11 15:01:02,291 - pocketoption - DEBUG - Second Check -> Latest ID: 153326 | Existing ID: 153326
2024-03-11 15:59:01,675 - pocketoption - DEBUG - Old session worked fine.
2024-03-11 15:59:02,633 - pocketoption - DEBUG - Processed -> Statistics -> Current week
2024-03-11 15:59:02,633 - pocketoption - DEBUG - Total time taken to perform the task: 2.27 seconds
2024-03-11 16:00:00,619 - pocketoption - INFO - Target [ID:610323477]: success
2024-03-11 16:00:00,900 - pocketoption - INFO - Target [ID:1838317981]: success
2024-03-11 16:01:02,298 - pocketoption - DEBUG - First Check -> Latest ID: 153326 | Existing ID: 153326
2024-03-11 16:01:02,317 - pocketoption - DEBUG - Auto-Withdrawal is currently off!!
2024-03-11 16:01:03,177 - pocketoption - DEBUG - Second Check -> Latest ID: 153326 | Existing ID: 153326
2024-03-11 16:59:02,099 - pocketoption - DEBUG - Old session worked fine.
2024-03-11 16:59:03,195 - pocketoption - DEBUG - Processed -> Statistics -> Current week
2024-03-11 16:59:03,195 - pocketoption - DEBUG - Total time taken to perform the task: 2.49 seconds
2024-03-11 17:00:00,642 - pocketoption - DEBUG - No change detected!!
2024-03-11 17:01:01,885 - pocketoption - DEBUG - First Check -> Latest ID: 153326 | Existing ID: 153326
2024-03-11 17:01:01,885 - pocketoption - DEBUG - Auto-Withdrawal is currently off!!
2024-03-11 17:01:02,730 - pocketoption - DEBUG - Second Check -> Latest ID: 153326 | Existing ID: 153326
2024-03-11 17:59:01,889 - pocketoption - DEBUG - Old session worked fine.
2024-03-11 17:59:02,874 - pocketoption - DEBUG - Processed -> Statistics -> Current week
2024-03-11 17:59:02,874 - pocketoption - DEBUG - Total time taken to perform the task: 2.52 seconds
2024-03-11 18:00:00,821 - pocketoption - INFO - Target [ID:610323477]: success
2024-03-11 18:00:01,071 - pocketoption - INFO - Target [ID:1838317981]: success
2024-03-11 18:01:01,501 - pocketoption - DEBUG - First Check -> Latest ID: 153326 | Existing ID: 153326
2024-03-11 18:01:01,501 - pocketoption - DEBUG - Auto-Withdrawal is currently off!!
2024-03-11 18:01:02,314 - pocketoption - DEBUG - Second Check -> Latest ID: 153326 | Existing ID: 153326
2024-03-11 18:59:02,055 - pocketoption - DEBUG - Old session worked fine.
2024-03-11 18:59:02,930 - pocketoption - DEBUG - Processed -> Statistics -> Current week
2024-03-11 18:59:02,930 - pocketoption - DEBUG - Total time taken to perform the task: 2.36 seconds
2024-03-11 19:00:00,859 - pocketoption - INFO - Target [ID:610323477]: success
2024-03-11 19:00:01,158 - pocketoption - INFO - Target [ID:1838317981]: success
2024-03-11 19:01:01,734 - pocketoption - DEBUG - First Check -> Latest ID: 153326 | Existing ID: 153326
2024-03-11 19:01:01,734 - pocketoption - DEBUG - Auto-Withdrawal is currently off!!
2024-03-11 19:01:02,672 - pocketoption - DEBUG - Second Check -> Latest ID: 153326 | Existing ID: 153326
2024-03-11 19:59:02,244 - pocketoption - DEBUG - Old session worked fine.
2024-03-11 19:59:03,635 - pocketoption - DEBUG - Processed -> Statistics -> Current week
2024-03-11 19:59:03,635 - pocketoption - DEBUG - Total time taken to perform the task: 3.08 seconds
2024-03-11 20:00:00,518 - pocketoption - INFO - Target [ID:610323477]: success
2024-03-11 20:00:00,799 - pocketoption - INFO - Target [ID:1838317981]: success
2024-03-11 20:01:02,320 - pocketoption - DEBUG - First Check -> Latest ID: 153326 | Existing ID: 153326
2024-03-11 20:01:02,320 - pocketoption - DEBUG - Auto-Withdrawal is currently off!!
2024-03-11 20:01:03,148 - pocketoption - DEBUG - Second Check -> Latest ID: 153326 | Existing ID: 153326
2024-03-11 20:59:02,470 - pocketoption - DEBUG - Old session worked fine.
2024-03-11 20:59:03,726 - pocketoption - DEBUG - Processed -> Statistics -> Current week
2024-03-11 20:59:03,726 - pocketoption - DEBUG - Total time taken to perform the task: 2.83 seconds
2024-03-11 21:00:00,567 - pocketoption - INFO - Target [ID:610323477]: success
2024-03-11 21:00:00,849 - pocketoption - INFO - Target [ID:1838317981]: success
2024-03-11 21:01:01,697 - pocketoption - DEBUG - First Check -> Latest ID: 153326 | Existing ID: 153326
2024-03-11 21:01:01,697 - pocketoption - DEBUG - Auto-Withdrawal is currently off!!
2024-03-11 21:01:02,573 - pocketoption - DEBUG - Second Check -> Latest ID: 153326 | Existing ID: 153326
2024-03-11 21:59:02,112 - pocketoption - DEBUG - Old session worked fine.
2024-03-11 21:59:03,630 - pocketoption - DEBUG - Processed -> Statistics -> Current week
2024-03-11 21:59:03,630 - pocketoption - DEBUG - Total time taken to perform the task: 2.85 seconds
2024-03-11 22:00:00,776 - pocketoption - INFO - Target [ID:610323477]: success
2024-03-11 22:00:01,042 - pocketoption - INFO - Target [ID:1838317981]: success
2024-03-11 22:01:01,516 - pocketoption - DEBUG - First Check -> Latest ID: 153326 | Existing ID: 153326
2024-03-11 22:01:01,516 - pocketoption - DEBUG - Auto-Withdrawal is currently off!!
2024-03-11 22:01:02,329 - pocketoption - DEBUG - Second Check -> Latest ID: 153326 | Existing ID: 153326
2024-03-11 22:03:36,853 - pocketoption - DEBUG - Date: 2024-03-05 | Hour: 1
2024-03-11 22:03:36,869 - pocketoption - DEBUG - Date: 2024-03-12 | Hour: 1
2024-03-11 22:59:01,895 - pocketoption - DEBUG - Old session worked fine.
2024-03-11 22:59:03,052 - pocketoption - DEBUG - Processed -> Statistics -> Current week
2024-03-11 22:59:03,052 - pocketoption - DEBUG - Total time taken to perform the task: 2.52 seconds
2024-03-11 23:00:00,416 - pocketoption - DEBUG - No change detected!!
2024-03-11 23:01:01,620 - pocketoption - DEBUG - First Check -> Latest ID: 153326 | Existing ID: 153326
2024-03-11 23:01:01,636 - pocketoption - DEBUG - Auto-Withdrawal is currently off!!
2024-03-11 23:01:02,418 - pocketoption - DEBUG - Second Check -> Latest ID: 153326 | Existing ID: 153326
2024-03-11 23:59:01,999 - pocketoption - DEBUG - Old session worked fine.
2024-03-11 23:59:03,250 - pocketoption - DEBUG - Processed -> Statistics -> Current week
2024-03-11 23:59:03,250 - pocketoption - DEBUG - Total time taken to perform the task: 2.58 seconds
2024-03-12 00:00:01,378 - pocketoption - INFO - Target [ID:610323477]: success
2024-03-12 00:00:01,659 - pocketoption - INFO - Target [ID:1838317981]: success
2024-03-12 00:01:02,135 - pocketoption - DEBUG - First Check -> Latest ID: 153326 | Existing ID: 153326
2024-03-12 00:01:02,135 - pocketoption - DEBUG - Auto-Withdrawal is currently off!!
2024-03-12 00:01:02,918 - pocketoption - DEBUG - Second Check -> Latest ID: 153326 | Existing ID: 153326
2024-03-12 00:59:02,332 - pocketoption - DEBUG - Old session worked fine.
2024-03-12 00:59:03,647 - pocketoption - DEBUG - Processed -> Statistics -> Current week
2024-03-12 00:59:03,647 - pocketoption - DEBUG - Total time taken to perform the task: 2.66 seconds
2024-03-12 01:00:00,973 - pocketoption - DEBUG - No change detected!!
2024-03-12 01:01:02,390 - pocketoption - DEBUG - First Check -> Latest ID: 153326 | Existing ID: 153326
2024-03-12 01:01:02,390 - pocketoption - DEBUG - Auto-Withdrawal is currently off!!
2024-03-12 01:01:03,204 - pocketoption - DEBUG - Second Check -> Latest ID: 153326 | Existing ID: 153326
2024-03-12 01:59:02,162 - pocketoption - DEBUG - Old session worked fine.
2024-03-12 01:59:03,571 - pocketoption - DEBUG - Processed -> Statistics -> Current week
2024-03-12 01:59:03,571 - pocketoption - DEBUG - Total time taken to perform the task: 2.91 seconds
2024-03-12 02:00:00,025 - pocketoption - DEBUG - No change detected!!
2024-03-12 02:01:01,301 - pocketoption - DEBUG - First Check -> Latest ID: 153326 | Existing ID: 153326
2024-03-12 02:01:01,301 - pocketoption - DEBUG - Auto-Withdrawal is currently off!!
2024-03-12 02:01:02,163 - pocketoption - DEBUG - Second Check -> Latest ID: 153326 | Existing ID: 153326
2024-03-12 02:59:01,769 - pocketoption - DEBUG - Old session worked fine.
2024-03-12 02:59:03,178 - pocketoption - DEBUG - Processed -> Statistics -> Current week
2024-03-12 02:59:03,178 - pocketoption - DEBUG - Total time taken to perform the task: 2.97 seconds
2024-03-12 03:00:00,464 - pocketoption - DEBUG - No change detected!!
2024-03-12 03:01:01,436 - pocketoption - DEBUG - First Check -> Latest ID: 153326 | Existing ID: 153326
2024-03-12 03:01:01,436 - pocketoption - DEBUG - Auto-Withdrawal is currently off!!
2024-03-12 03:01:02,267 - pocketoption - DEBUG - Second Check -> Latest ID: 153326 | Existing ID: 153326
2024-03-12 03:59:02,103 - pocketoption - DEBUG - Old session worked fine.
2024-03-12 03:59:03,059 - pocketoption - DEBUG - Processed -> Statistics -> Current week
2024-03-12 03:59:03,059 - pocketoption - DEBUG - Total time taken to perform the task: 2.4 seconds
2024-03-12 04:00:00,795 - pocketoption - INFO - Target [ID:610323477]: success
2024-03-12 04:00:01,045 - pocketoption - INFO - Target [ID:1838317981]: success
2024-03-12 04:01:01,487 - pocketoption - DEBUG - First Check -> Latest ID: 153326 | Existing ID: 153326
2024-03-12 04:01:01,487 - pocketoption - DEBUG - Auto-Withdrawal is currently off!!
2024-03-12 04:01:02,442 - pocketoption - DEBUG - Second Check -> Latest ID: 153326 | Existing ID: 153326
2024-03-12 04:59:01,134 - pocketoption - DEBUG - Old session worked fine.
2024-03-12 04:59:02,120 - pocketoption - DEBUG - Processed -> Statistics -> Current week
2024-03-12 04:59:02,120 - pocketoption - DEBUG - Total time taken to perform the task: 1.93 seconds
2024-03-12 05:00:00,442 - pocketoption - DEBUG - No change detected!!
2024-03-12 05:01:01,854 - pocketoption - DEBUG - First Check -> Latest ID: 153326 | Existing ID: 153326
2024-03-12 05:01:01,869 - pocketoption - DEBUG - Auto-Withdrawal is currently off!!
2024-03-12 05:01:02,669 - pocketoption - DEBUG - Second Check -> Latest ID: 153326 | Existing ID: 153326
2024-03-12 05:10:12,521 - pocketoption - DEBUG - Date: 2024-03-05 | Hour: 8
2024-03-12 05:10:12,528 - pocketoption - DEBUG - Date: 2024-03-12 | Hour: 8
2024-03-12 05:59:01,477 - pocketoption - DEBUG - Old session worked fine.
2024-03-12 05:59:02,635 - pocketoption - DEBUG - Processed -> Statistics -> Current week
2024-03-12 05:59:02,635 - pocketoption - DEBUG - Total time taken to perform the task: 2.54 seconds
2024-03-12 06:00:00,821 - pocketoption - DEBUG - No change detected!!
2024-03-12 06:01:02,273 - pocketoption - DEBUG - First Check -> Latest ID: 153326 | Existing ID: 153326
2024-03-12 06:01:02,273 - pocketoption - DEBUG - Auto-Withdrawal is currently off!!
2024-03-12 06:01:03,073 - pocketoption - DEBUG - Second Check -> Latest ID: 153326 | Existing ID: 153326
2024-03-12 06:59:01,963 - pocketoption - DEBUG - Old session worked fine.
2024-03-12 06:59:03,530 - pocketoption - DEBUG - Processed -> Statistics -> Current week
2024-03-12 06:59:03,530 - pocketoption - DEBUG - Total time taken to perform the task: 2.99 seconds
2024-03-12 07:00:01,221 - pocketoption - INFO - Target [ID:610323477]: success
2024-03-12 07:00:01,502 - pocketoption - INFO - Target [ID:1838317981]: success
2024-03-12 07:01:01,489 - pocketoption - DEBUG - First Check -> Latest ID: 153326 | Existing ID: 153326
2024-03-12 07:01:01,505 - pocketoption - DEBUG - Auto-Withdrawal is currently off!!
2024-03-12 07:01:02,366 - pocketoption - DEBUG - Second Check -> Latest ID: 153326 | Existing ID: 153326
2024-03-12 07:59:01,541 - pocketoption - DEBUG - Old session worked fine.
2024-03-12 07:59:02,558 - pocketoption - DEBUG - Processed -> Statistics -> Current week
2024-03-12 07:59:02,558 - pocketoption - DEBUG - Total time taken to perform the task: 2.33 seconds
2024-03-12 08:00:00,982 - pocketoption - DEBUG - No change detected!!
2024-03-12 08:01:02,372 - pocketoption - DEBUG - First Check -> Latest ID: 153326 | Existing ID: 153326
2024-03-12 08:01:02,372 - pocketoption - DEBUG - Auto-Withdrawal is currently off!!
2024-03-12 08:01:03,232 - pocketoption - DEBUG - Second Check -> Latest ID: 153326 | Existing ID: 153326
2024-03-12 08:59:01,617 - pocketoption - DEBUG - Old session worked fine.
2024-03-12 08:59:02,540 - pocketoption - DEBUG - Processed -> Statistics -> Current week
2024-03-12 08:59:02,540 - pocketoption - DEBUG - Total time taken to perform the task: 2.1 seconds
2024-03-12 09:00:01,433 - pocketoption - INFO - Target [ID:610323477]: success
2024-03-12 09:00:01,746 - pocketoption - INFO - Target [ID:1838317981]: success
2024-03-12 09:01:01,459 - pocketoption - DEBUG - First Check -> Latest ID: 153326 | Existing ID: 153326
2024-03-12 09:01:01,474 - pocketoption - DEBUG - Auto-Withdrawal is currently off!!
2024-03-12 09:01:02,273 - pocketoption - DEBUG - Second Check -> Latest ID: 153326 | Existing ID: 153326
2024-03-12 09:08:21,812 - pocketoption - DEBUG - Date: 2024-03-05 | Hour: 12
2024-03-12 09:08:21,827 - pocketoption - DEBUG - Date: 2024-03-12 | Hour: 12
2024-03-12 09:59:02,313 - pocketoption - DEBUG - Old session worked fine.
2024-03-12 09:59:03,393 - pocketoption - DEBUG - Processed -> Statistics -> Current week
2024-03-12 09:59:03,393 - pocketoption - DEBUG - Total time taken to perform the task: 2.58 seconds
2024-03-12 10:00:01,400 - pocketoption - INFO - Target [ID:610323477]: success
2024-03-12 10:00:01,666 - pocketoption - INFO - Target [ID:1838317981]: success
2024-03-12 10:01:01,737 - pocketoption - DEBUG - First Check -> Latest ID: 153326 | Existing ID: 153326
2024-03-12 10:01:01,737 - pocketoption - DEBUG - Auto-Withdrawal is currently off!!
2024-03-12 10:01:02,550 - pocketoption - DEBUG - Second Check -> Latest ID: 153326 | Existing ID: 153326
